2020-05-05 20:39:14,254 2847456 [restartedMain] INFO  b.c.u.easygame.EasygameApplication - No active profile set, falling back to default profiles: default
2020-05-05 20:39:15,006 2848208 [restartedMain] INFO  o.s.d.r.c.RepositoryConfigurationDelegate - Bootstrapping Spring Data JPA repositories in DEFAULT mode.
2020-05-05 20:39:15,018 2848220 [restartedMain] INFO  o.s.d.r.c.RepositoryConfigurationDelegate - Finished Spring Data repository scanning in 11ms. Found 0 JPA repository interfaces.
2020-05-05 20:39:15,096 2848298 [restartedMain] INFO  o.s.c.context.scope.GenericScope - BeanFactory id=4445cbfe-b5f0-3d46-83b4-d5ed340887dd
2020-05-05 20:39:15,137 2848339 [restartedMain] INFO  o.s.c.s.PostProcessorRegistrationDelegate$BeanPostProcessorChecker - Bean 'org.springframework.security.config.annotation.configuration.ObjectPostProcessorConfiguration' of type [org.springframework.security.config.annotation.configuration.ObjectPostProcessorConfiguration] is not eligible for getting processed by all BeanPostProcessors (for example: not eligible for auto-proxying)
2020-05-05 20:39:15,138 2848340 [restartedMain] INFO  o.s.c.s.PostProcessorRegistrationDelegate$BeanPostProcessorChecker - Bean 'objectPostProcessor' of type [org.springframework.security.config.annotation.configuration.AutowireBeanFactoryObjectPostProcessor] is not eligible for getting processed by all BeanPostProcessors (for example: not eligible for auto-proxying)
2020-05-05 20:39:15,139 2848341 [restartedMain] INFO  o.s.c.s.PostProcessorRegistrationDelegate$BeanPostProcessorChecker - Bean 'org.springframework.security.access.expression.method.DefaultMethodSecurityExpressionHandler@7905f4f' of type [org.springframework.security.oauth2.provider.expression.OAuth2MethodSecurityExpressionHandler] is not eligible for getting processed by all BeanPostProcessors (for example: not eligible for auto-proxying)
2020-05-05 20:39:15,139 2848341 [restartedMain] INFO  o.s.c.s.PostProcessorRegistrationDelegate$BeanPostProcessorChecker - Bean 'methodSecurityConfig' of type [br.com.una.easygame.config.MethodSecurityConfig$$EnhancerBySpringCGLIB$$cbe8cf8b] is not eligible for getting processed by all BeanPostProcessors (for example: not eligible for auto-proxying)
2020-05-05 20:39:15,140 2848342 [restartedMain] INFO  o.s.c.s.PostProcessorRegistrationDelegate$BeanPostProcessorChecker - Bean 'methodSecurityMetadataSource' of type [org.springframework.security.access.method.DelegatingMethodSecurityMetadataSource] is not eligible for getting processed by all BeanPostProcessors (for example: not eligible for auto-proxying)
2020-05-05 20:39:15,219 2848421 [restartedMain] INFO  o.s.b.w.e.tomcat.TomcatWebServer - Tomcat initialized with port(s): 1002 (http)
2020-05-05 20:39:15,220 2848422 [restartedMain] INFO  o.a.coyote.http11.Http11NioProtocol - Initializing ProtocolHandler ["http-nio-1002"]
2020-05-05 20:39:15,220 2848422 [restartedMain] INFO  o.a.catalina.core.StandardService - Starting service [Tomcat]
2020-05-05 20:39:15,220 2848422 [restartedMain] INFO  o.a.catalina.core.StandardEngine - Starting Servlet engine: [Apache Tomcat/9.0.33]
2020-05-05 20:39:15,262 2848464 [restartedMain] INFO  o.a.c.c.C.[Tomcat].[localhost].[/] - Initializing Spring embedded WebApplicationContext
2020-05-05 20:39:15,263 2848465 [restartedMain] INFO  o.s.web.context.ContextLoader - Root WebApplicationContext: initialization completed in 1005 ms
2020-05-05 20:39:15,335 2848537 [restartedMain] INFO  com.zaxxer.hikari.HikariDataSource - HikariPool-2 - Starting...
2020-05-05 20:39:15,337 2848539 [restartedMain] INFO  com.zaxxer.hikari.HikariDataSource - HikariPool-2 - Start completed.
2020-05-05 20:39:15,341 2848543 [restartedMain] INFO  o.s.b.a.h.H2ConsoleAutoConfiguration - H2 console available at '/h2-console'. Database available at 'jdbc:h2:mem:core'
2020-05-05 20:39:15,477 2848679 [restartedMain] INFO  o.h.jpa.internal.util.LogHelper - HHH000204: Processing PersistenceUnitInfo [name: default]
2020-05-05 20:39:15,484 2848686 [restartedMain] INFO  org.hibernate.dialect.Dialect - HHH000400: Using dialect: org.hibernate.dialect.H2Dialect
2020-05-05 20:39:15,498 2848700 [restartedMain] INFO  o.h.e.t.j.p.i.JtaPlatformInitiator - HHH000490: Using JtaPlatform implementation: [org.hibernate.engine.transaction.jta.platform.internal.NoJtaPlatform]
2020-05-05 20:39:15,498 2848700 [restartedMain] INFO  o.s.o.j.LocalContainerEntityManagerFactoryBean - Initialized JPA EntityManagerFactory for persistence unit 'default'
2020-05-05 20:39:15,521 2848723 [restartedMain] INFO  o.s.b.d.a.OptionalLiveReloadServer - LiveReload server is running on port 35729
2020-05-05 20:39:17,547 2850749 [restartedMain] ERROR b.c.u.e.c.OAuth2JwtAccessTokenConverter - error in tryCreateSignatureVerifier: I/O error on GET request for "http://localhost:1002/oauth/token_key": Connection refused: connect; nested exception is java.net.ConnectException: Connection refused: connect
2020-05-05 20:39:17,550 2850752 [restartedMain] WARN  o.s.s.o.p.t.s.JwtAccessTokenConverter - Unable to create an RSA verifier from verifierKey (ignoreable if using MAC)
2020-05-05 20:39:17,604 2850806 [restartedMain] WARN  o.s.b.a.o.j.JpaBaseConfiguration$JpaWebConfiguration - spring.jpa.open-in-view is enabled by default. Therefore, database queries may be performed during view rendering. Explicitly configure spring.jpa.open-in-view to disable this warning
2020-05-05 20:39:17,629 2850831 [restartedMain] WARN  o.s.c.n.a.ArchaiusAutoConfiguration - No spring.application.name found, defaulting to 'application'
2020-05-05 20:39:17,630 2850832 [restartedMain] WARN  c.n.c.s.URLConfigurationSource - No URLs will be polled as dynamic configuration sources.
2020-05-05 20:39:17,630 2850832 [restartedMain] INFO  c.n.c.s.URLConfigurationSource - To enable URLs as dynamic configuration sources, define System property archaius.configurationSource.additionalUrls or make config.properties available on classpath.
2020-05-05 20:39:17,698 2850900 [restartedMain] INFO  o.s.s.c.ThreadPoolTaskExecutor - Initializing ExecutorService 'applicationTaskExecutor'
2020-05-05 20:39:17,823 2851025 [restartedMain] INFO  o.s.b.a.s.s.UserDetailsServiceAutoConfiguration - 

Using generated security password: 6bb0e97b-aea6-4feb-8085-cc5608ab6505

2020-05-05 20:39:17,856 2851058 [restartedMain] INFO  o.s.s.w.DefaultSecurityFilterChain - Creating filter chain: any request, [org.springframework.security.web.context.request.async.WebAsyncManagerIntegrationFilter@505693c, org.springframework.security.web.context.SecurityContextPersistenceFilter@f2840a0, org.springframework.security.web.header.HeaderWriterFilter@38e6c6ce, org.springframework.security.web.authentication.logout.LogoutFilter@361641a5, br.com.una.easygame.web.filter.RefreshTokenFilter@74812, org.springframework.security.oauth2.provider.authentication.OAuth2AuthenticationProcessingFilter@51b73aa, org.springframework.security.web.savedrequest.RequestCacheAwareFilter@2739b885, org.springframework.security.web.servletapi.SecurityContextHolderAwareRequestFilter@29e7da1a, org.springframework.security.web.authentication.AnonymousAuthenticationFilter@1e58e418, org.springframework.security.web.session.SessionManagementFilter@273eafa2, org.springframework.security.web.access.ExceptionTranslationFilter@463dd090, org.springframework.security.web.access.intercept.FilterSecurityInterceptor@6c6e45f7]
2020-05-05 20:39:18,798 2852000 [restartedMain] INFO  o.s.b.a.e.web.EndpointLinksResolver - Exposing 2 endpoint(s) beneath base path '/actuator'
2020-05-05 20:39:18,862 2852064 [restartedMain] INFO  o.a.coyote.http11.Http11NioProtocol - Starting ProtocolHandler ["http-nio-1002"]
2020-05-05 20:39:18,866 2852068 [restartedMain] INFO  o.s.b.w.e.tomcat.TomcatWebServer - Tomcat started on port(s): 1002 (http) with context path ''
2020-05-05 20:39:19,324 2852526 [restartedMain] INFO  b.c.u.easygame.EasygameApplication - Started EasygameApplication in 6.075 seconds (JVM running for 2853.917)
2020-05-05 20:39:19,327 2852529 [restartedMain] INFO  o.s.b.d.a.ConditionEvaluationDeltaLoggingListener - Condition evaluation unchanged
2020-05-05 20:39:26,532 2859734 [Thread-12] INFO  o.s.s.c.ThreadPoolTaskExecutor - Shutting down ExecutorService 'applicationTaskExecutor'
2020-05-05 20:39:26,537 2859739 [Thread-12] INFO  o.s.o.j.LocalContainerEntityManagerFactoryBean - Closing JPA EntityManagerFactory for persistence unit 'default'
2020-05-05 20:39:26,538 2859740 [Thread-12] INFO  o.h.t.s.i.SchemaDropperImpl$DelayedDropActionImpl - HHH000477: Starting delayed evictData of schema as part of SessionFactory shut-down'
2020-05-05 20:39:26,744 2859946 [Thread-12] WARN  o.s.b.f.s.DisposableBeanAdapter - Invocation of destroy method failed on bean with name 'inMemoryDatabaseShutdownExecutor': org.h2.jdbc.JdbcSQLNonTransientConnectionException: Database is already closed (to disable automatic closing at VM shutdown, add ";DB_CLOSE_ON_EXIT=FALSE" to the db URL) [90121-200]
2020-05-05 20:39:26,747 2859949 [Thread-12] INFO  com.zaxxer.hikari.HikariDataSource - HikariPool-2 - Shutdown initiated...
2020-05-05 20:39:26,757 2859959 [Thread-12] INFO  com.zaxxer.hikari.HikariDataSource - HikariPool-2 - Shutdown completed.
2020-05-05 20:39:28,262 2861464 [restartedMain] INFO  b.c.u.easygame.EasygameApplication - No active profile set, falling back to default profiles: default
2020-05-05 20:39:28,766 2861968 [restartedMain] INFO  o.s.d.r.c.RepositoryConfigurationDelegate - Bootstrapping Spring Data JPA repositories in DEFAULT mode.
2020-05-05 20:39:28,777 2861979 [restartedMain] INFO  o.s.d.r.c.RepositoryConfigurationDelegate - Finished Spring Data repository scanning in 11ms. Found 0 JPA repository interfaces.
2020-05-05 20:39:28,865 2862067 [restartedMain] INFO  o.s.c.context.scope.GenericScope - BeanFactory id=4445cbfe-b5f0-3d46-83b4-d5ed340887dd
2020-05-05 20:39:28,907 2862109 [restartedMain] INFO  o.s.c.s.PostProcessorRegistrationDelegate$BeanPostProcessorChecker - Bean 'org.springframework.security.config.annotation.configuration.ObjectPostProcessorConfiguration' of type [org.springframework.security.config.annotation.configuration.ObjectPostProcessorConfiguration] is not eligible for getting processed by all BeanPostProcessors (for example: not eligible for auto-proxying)
2020-05-05 20:39:28,908 2862110 [restartedMain] INFO  o.s.c.s.PostProcessorRegistrationDelegate$BeanPostProcessorChecker - Bean 'objectPostProcessor' of type [org.springframework.security.config.annotation.configuration.AutowireBeanFactoryObjectPostProcessor] is not eligible for getting processed by all BeanPostProcessors (for example: not eligible for auto-proxying)
2020-05-05 20:39:28,909 2862111 [restartedMain] INFO  o.s.c.s.PostProcessorRegistrationDelegate$BeanPostProcessorChecker - Bean 'org.springframework.security.access.expression.method.DefaultMethodSecurityExpressionHandler@29d021b6' of type [org.springframework.security.oauth2.provider.expression.OAuth2MethodSecurityExpressionHandler] is not eligible for getting processed by all BeanPostProcessors (for example: not eligible for auto-proxying)
2020-05-05 20:39:28,909 2862111 [restartedMain] INFO  o.s.c.s.PostProcessorRegistrationDelegate$BeanPostProcessorChecker - Bean 'methodSecurityConfig' of type [br.com.una.easygame.config.MethodSecurityConfig$$EnhancerBySpringCGLIB$$cbe8cf8b] is not eligible for getting processed by all BeanPostProcessors (for example: not eligible for auto-proxying)
2020-05-05 20:39:28,910 2862112 [restartedMain] INFO  o.s.c.s.PostProcessorRegistrationDelegate$BeanPostProcessorChecker - Bean 'methodSecurityMetadataSource' of type [org.springframework.security.access.method.DelegatingMethodSecurityMetadataSource] is not eligible for getting processed by all BeanPostProcessors (for example: not eligible for auto-proxying)
2020-05-05 20:39:28,991 2862193 [restartedMain] INFO  o.s.b.w.e.tomcat.TomcatWebServer - Tomcat initialized with port(s): 1002 (http)
2020-05-05 20:39:28,992 2862194 [restartedMain] INFO  o.a.coyote.http11.Http11NioProtocol - Initializing ProtocolHandler ["http-nio-1002"]
2020-05-05 20:39:28,992 2862194 [restartedMain] INFO  o.a.catalina.core.StandardService - Starting service [Tomcat]
2020-05-05 20:39:28,992 2862194 [restartedMain] INFO  o.a.catalina.core.StandardEngine - Starting Servlet engine: [Apache Tomcat/9.0.33]
2020-05-05 20:39:29,035 2862237 [restartedMain] INFO  o.a.c.c.C.[Tomcat].[localhost].[/] - Initializing Spring embedded WebApplicationContext
2020-05-05 20:39:29,035 2862237 [restartedMain] INFO  o.s.web.context.ContextLoader - Root WebApplicationContext: initialization completed in 769 ms
2020-05-05 20:39:29,110 2862312 [restartedMain] INFO  com.zaxxer.hikari.HikariDataSource - HikariPool-3 - Starting...
2020-05-05 20:39:29,116 2862318 [restartedMain] INFO  com.zaxxer.hikari.HikariDataSource - HikariPool-3 - Start completed.
2020-05-05 20:39:29,116 2862318 [restartedMain] INFO  o.s.b.a.h.H2ConsoleAutoConfiguration - H2 console available at '/h2-console'. Database available at 'jdbc:h2:mem:core'
2020-05-05 20:39:29,243 2862445 [restartedMain] INFO  o.h.jpa.internal.util.LogHelper - HHH000204: Processing PersistenceUnitInfo [name: default]
2020-05-05 20:39:29,250 2862452 [restartedMain] INFO  org.hibernate.dialect.Dialect - HHH000400: Using dialect: org.hibernate.dialect.H2Dialect
2020-05-05 20:39:29,264 2862466 [restartedMain] INFO  o.h.e.t.j.p.i.JtaPlatformInitiator - HHH000490: Using JtaPlatform implementation: [org.hibernate.engine.transaction.jta.platform.internal.NoJtaPlatform]
2020-05-05 20:39:29,264 2862466 [restartedMain] INFO  o.s.o.j.LocalContainerEntityManagerFactoryBean - Initialized JPA EntityManagerFactory for persistence unit 'default'
2020-05-05 20:39:29,286 2862488 [restartedMain] INFO  o.s.b.d.a.OptionalLiveReloadServer - LiveReload server is running on port 35729
2020-05-05 20:39:31,312 2864514 [restartedMain] ERROR b.c.u.e.c.OAuth2JwtAccessTokenConverter - error in tryCreateSignatureVerifier: I/O error on GET request for "http://localhost:1002/oauth/token_key": Connection refused: connect; nested exception is java.net.ConnectException: Connection refused: connect
2020-05-05 20:39:31,314 2864516 [restartedMain] WARN  o.s.s.o.p.t.s.JwtAccessTokenConverter - Unable to create an RSA verifier from verifierKey (ignoreable if using MAC)
2020-05-05 20:39:31,344 2864546 [restartedMain] WARN  o.s.b.a.o.j.JpaBaseConfiguration$JpaWebConfiguration - spring.jpa.open-in-view is enabled by default. Therefore, database queries may be performed during view rendering. Explicitly configure spring.jpa.open-in-view to disable this warning
2020-05-05 20:39:31,370 2864572 [restartedMain] WARN  o.s.c.n.a.ArchaiusAutoConfiguration - No spring.application.name found, defaulting to 'application'
2020-05-05 20:39:31,370 2864572 [restartedMain] WARN  c.n.c.s.URLConfigurationSource - No URLs will be polled as dynamic configuration sources.
2020-05-05 20:39:31,370 2864572 [restartedMain] INFO  c.n.c.s.URLConfigurationSource - To enable URLs as dynamic configuration sources, define System property archaius.configurationSource.additionalUrls or make config.properties available on classpath.
2020-05-05 20:39:31,440 2864642 [restartedMain] INFO  o.s.s.c.ThreadPoolTaskExecutor - Initializing ExecutorService 'applicationTaskExecutor'
2020-05-05 20:39:31,561 2864763 [restartedMain] INFO  o.s.b.a.s.s.UserDetailsServiceAutoConfiguration - 

Using generated security password: 1bb1775b-fca6-4f17-b60a-3c1d0fd09751

2020-05-05 20:39:31,590 2864792 [restartedMain] INFO  o.s.s.w.DefaultSecurityFilterChain - Creating filter chain: any request, [org.springframework.security.web.context.request.async.WebAsyncManagerIntegrationFilter@2cad1772, org.springframework.security.web.context.SecurityContextPersistenceFilter@6c91a71, org.springframework.security.web.header.HeaderWriterFilter@4a4de66f, org.springframework.security.web.authentication.logout.LogoutFilter@5ed37d3b, br.com.una.easygame.web.filter.RefreshTokenFilter@6ca5ad2c, org.springframework.security.oauth2.provider.authentication.OAuth2AuthenticationProcessingFilter@4e975099, org.springframework.security.web.savedrequest.RequestCacheAwareFilter@b0e3e91, org.springframework.security.web.servletapi.SecurityContextHolderAwareRequestFilter@2e55df01, org.springframework.security.web.authentication.AnonymousAuthenticationFilter@64b2a612, org.springframework.security.web.session.SessionManagementFilter@2862d1c2, org.springframework.security.web.access.ExceptionTranslationFilter@6f7c56d7, org.springframework.security.web.access.intercept.FilterSecurityInterceptor@1c1281b3]
2020-05-05 20:39:32,530 2865732 [restartedMain] INFO  o.s.b.a.e.web.EndpointLinksResolver - Exposing 2 endpoint(s) beneath base path '/actuator'
2020-05-05 20:39:32,589 2865791 [restartedMain] INFO  o.a.coyote.http11.Http11NioProtocol - Starting ProtocolHandler ["http-nio-1002"]
2020-05-05 20:39:32,592 2865794 [restartedMain] INFO  o.s.b.w.e.tomcat.TomcatWebServer - Tomcat started on port(s): 1002 (http) with context path ''
2020-05-05 20:39:33,045 2866247 [restartedMain] INFO  b.c.u.easygame.EasygameApplication - Started EasygameApplication in 5.877 seconds (JVM running for 2867.637)
2020-05-05 20:39:33,047 2866249 [restartedMain] INFO  o.s.b.d.a.ConditionEvaluationDeltaLoggingListener - Condition evaluation unchanged
2020-05-05 20:45:30,440 3223642 [http-nio-1002-exec-1] INFO  o.a.c.c.C.[Tomcat].[localhost].[/] - Initializing Spring DispatcherServlet 'dispatcherServlet'
2020-05-05 20:45:30,442 3223644 [http-nio-1002-exec-1] INFO  o.s.web.servlet.DispatcherServlet - Initializing Servlet 'dispatcherServlet'
2020-05-05 20:45:30,457 3223659 [http-nio-1002-exec-1] INFO  o.s.web.servlet.DispatcherServlet - Completed initialization in 14 ms
2020-05-05 20:45:41,997 3235199 [http-nio-1002-exec-1] ERROR b.c.u.e.c.OAuth2JwtAccessTokenConverter - error in tryCreateSignatureVerifier: 404 : [{"timestamp":"2020-05-05T23:45:41.986+0000","status":404,"error":"Not Found","message":"No message available","path":"/oauth/token_key"}]
2020-05-05 20:45:41,997 3235199 [http-nio-1002-exec-1] ERROR b.c.u.e.c.OAuth2JwtAccessTokenConverter - cannot create signature verifier
2020-05-05 20:45:42,018 3235220 [http-nio-1002-exec-1] ERROR b.c.u.e.s.o.OAuth2AuthenticationService - invalid credentials: 404 : [{"timestamp":"2020-05-05T23:45:42.014+0000","status":404,"error":"Not Found","message":"No message available","path":"/oauth/token_key"}]
2020-05-05 20:48:02,377 3375579 [http-nio-1002-exec-6] ERROR b.c.u.e.c.OAuth2JwtAccessTokenConverter - error in tryCreateSignatureVerifier: 404 : [{"timestamp":"2020-05-05T23:48:02.374+0000","status":404,"error":"Not Found","message":"No message available","path":"/oauth/token_key"}]
2020-05-05 20:48:02,378 3375580 [http-nio-1002-exec-6] ERROR b.c.u.e.c.OAuth2JwtAccessTokenConverter - cannot create signature verifier
2020-05-05 20:48:02,394 3375596 [http-nio-1002-exec-6] ERROR b.c.u.e.s.o.OAuth2AuthenticationService - invalid credentials: 404 : [{"timestamp":"2020-05-05T23:48:02.391+0000","status":404,"error":"Not Found","message":"No message available","path":"/oauth/token_key"}]
2020-05-05 20:48:09,370 3382572 [http-nio-1002-exec-9] ERROR b.c.u.e.c.OAuth2JwtAccessTokenConverter - error in tryCreateSignatureVerifier: 404 : [{"timestamp":"2020-05-05T23:48:09.368+0000","status":404,"error":"Not Found","message":"No message available","path":"/oauth/token_key"}]
2020-05-05 20:48:09,371 3382573 [http-nio-1002-exec-9] ERROR b.c.u.e.c.OAuth2JwtAccessTokenConverter - cannot create signature verifier
2020-05-05 20:48:09,383 3382585 [http-nio-1002-exec-9] ERROR b.c.u.e.s.o.OAuth2AuthenticationService - invalid credentials: 404 : [{"timestamp":"2020-05-05T23:48:09.380+0000","status":404,"error":"Not Found","message":"No message available","path":"/oauth/token_key"}]
2020-05-05 20:49:30,599 3463801 [http-nio-1002-exec-5] ERROR b.c.u.e.c.OAuth2JwtAccessTokenConverter - error in tryCreateSignatureVerifier: 404 : [{"timestamp":"2020-05-05T23:49:30.592+0000","status":404,"error":"Not Found","message":"No message available","path":"/oauth/token_key"}]
2020-05-05 20:49:30,600 3463802 [http-nio-1002-exec-5] ERROR b.c.u.e.c.OAuth2JwtAccessTokenConverter - cannot create signature verifier
2020-05-05 21:21:47,123 5400325 [http-nio-1002-exec-5] ERROR b.c.u.e.s.o.OAuth2AuthenticationService - invalid credentials: 404 : [{"timestamp":"2020-05-05T23:54:40.254+0000","status":404,"error":"Not Found","message":"No message available","path":"/oauth/token_key"}]
2020-05-05 21:29:45,829 5879031 [http-nio-1002-exec-2] ERROR b.c.u.e.c.OAuth2JwtAccessTokenConverter - error in tryCreateSignatureVerifier: 404 : [{"timestamp":"2020-05-06T00:29:45.820+0000","status":404,"error":"Not Found","message":"No message available","path":"/oauth/token_key"}]
2020-05-05 21:29:45,830 5879032 [http-nio-1002-exec-2] ERROR b.c.u.e.c.OAuth2JwtAccessTokenConverter - cannot create signature verifier
2020-05-05 21:30:12,794 5905996 [http-nio-1002-exec-2] ERROR b.c.u.e.s.o.OAuth2AuthenticationService - invalid credentials: 404 : [{"timestamp":"2020-05-06T00:30:12.699+0000","status":404,"error":"Not Found","message":"No message available","path":"/oauth/token_key"}]
2020-05-05 21:32:29,648 6042850 [http-nio-1002-exec-7] ERROR b.c.u.e.c.OAuth2JwtAccessTokenConverter - error in tryCreateSignatureVerifier: 404 : [{"timestamp":"2020-05-06T00:32:29.642+0000","status":404,"error":"Not Found","message":"No message available","path":"/oauth/token_key"}]
2020-05-05 21:32:29,649 6042851 [http-nio-1002-exec-7] ERROR b.c.u.e.c.OAuth2JwtAccessTokenConverter - cannot create signature verifier
2020-05-05 21:32:50,461 6063663 [http-nio-1002-exec-7] ERROR b.c.u.e.s.o.OAuth2AuthenticationService - invalid credentials: 404 : [{"timestamp":"2020-05-06T00:32:49.714+0000","status":404,"error":"Not Found","message":"No message available","path":"/oauth/token_key"}]
2020-05-05 21:33:02,989 6076191 [http-nio-1002-exec-5] ERROR b.c.u.e.c.OAuth2JwtAccessTokenConverter - error in tryCreateSignatureVerifier: 404 : [{"timestamp":"2020-05-06T00:33:02.981+0000","status":404,"error":"Not Found","message":"No message available","path":"/oauth/token_key"}]
2020-05-05 21:33:02,990 6076192 [http-nio-1002-exec-5] ERROR b.c.u.e.c.OAuth2JwtAccessTokenConverter - cannot create signature verifier
2020-05-05 21:33:30,859 6104061 [http-nio-1002-exec-5] ERROR b.c.u.e.s.o.OAuth2AuthenticationService - invalid credentials: 404 : [{"timestamp":"2020-05-06T00:33:25.105+0000","status":404,"error":"Not Found","message":"No message available","path":"/oauth/token_key"}]
2020-05-05 21:33:33,977 6107179 [http-nio-1002-exec-3] ERROR b.c.u.e.c.OAuth2JwtAccessTokenConverter - error in tryCreateSignatureVerifier: 404 : [{"timestamp":"2020-05-06T00:33:33.970+0000","status":404,"error":"Not Found","message":"No message available","path":"/oauth/token_key"}]
2020-05-05 21:33:33,977 6107179 [http-nio-1002-exec-3] ERROR b.c.u.e.c.OAuth2JwtAccessTokenConverter - cannot create signature verifier
2020-05-05 21:33:34,059 6107261 [http-nio-1002-exec-1] ERROR b.c.u.e.c.OAuth2JwtAccessTokenConverter - error in tryCreateSignatureVerifier: 404 : [{"timestamp":"2020-05-06T00:33:34.053+0000","status":404,"error":"Not Found","message":"No message available","path":"/oauth/token_key"}]
2020-05-05 21:33:34,060 6107262 [http-nio-1002-exec-1] ERROR b.c.u.e.c.OAuth2JwtAccessTokenConverter - cannot create signature verifier
2020-05-05 21:34:44,043 6177245 [http-nio-1002-exec-3] ERROR b.c.u.e.s.o.OAuth2AuthenticationService - invalid credentials: 404 : [{"timestamp":"2020-05-06T00:33:50.400+0000","status":404,"error":"Not Found","message":"No message available","path":"/oauth/token_key"}]
2020-05-05 21:34:47,863 6181065 [http-nio-1002-exec-1] ERROR b.c.u.e.s.o.OAuth2AuthenticationService - invalid credentials: 404 : [{"timestamp":"2020-05-06T00:34:47.850+0000","status":404,"error":"Not Found","message":"No message available","path":"/oauth/token_key"}]
2020-05-05 21:34:55,259 6188461 [http-nio-1002-exec-7] ERROR b.c.u.e.c.OAuth2JwtAccessTokenConverter - error in tryCreateSignatureVerifier: 404 : [{"timestamp":"2020-05-06T00:34:55.252+0000","status":404,"error":"Not Found","message":"No message available","path":"/oauth/token_key"}]
2020-05-05 21:34:55,259 6188461 [http-nio-1002-exec-7] ERROR b.c.u.e.c.OAuth2JwtAccessTokenConverter - cannot create signature verifier
2020-05-05 21:35:49,381 6242583 [http-nio-1002-exec-7] ERROR b.c.u.e.s.o.OAuth2AuthenticationService - invalid credentials: 404 : [{"timestamp":"2020-05-06T00:35:14.252+0000","status":404,"error":"Not Found","message":"No message available","path":"/oauth/token_key"}]
2020-05-05 21:35:51,903 6245105 [http-nio-1002-exec-2] ERROR b.c.u.e.c.OAuth2JwtAccessTokenConverter - error in tryCreateSignatureVerifier: 404 : [{"timestamp":"2020-05-06T00:35:51.895+0000","status":404,"error":"Not Found","message":"No message available","path":"/oauth/token_key"}]
2020-05-05 21:35:51,904 6245106 [http-nio-1002-exec-2] ERROR b.c.u.e.c.OAuth2JwtAccessTokenConverter - cannot create signature verifier
2020-05-05 21:35:51,919 6245121 [http-nio-1002-exec-2] ERROR b.c.u.e.c.OAuth2JwtAccessTokenConverter - error in tryCreateSignatureVerifier: 404 : [{"timestamp":"2020-05-06T00:35:51.913+0000","status":404,"error":"Not Found","message":"No message available","path":"/oauth/token_key"}]
2020-05-05 21:35:51,920 6245122 [http-nio-1002-exec-2] ERROR b.c.u.e.c.OAuth2JwtAccessTokenConverter - cannot create signature verifier
2020-05-05 21:35:54,942 6248144 [http-nio-1002-exec-3] ERROR b.c.u.e.c.OAuth2JwtAccessTokenConverter - error in tryCreateSignatureVerifier: 404 : [{"timestamp":"2020-05-06T00:35:54.936+0000","status":404,"error":"Not Found","message":"No message available","path":"/oauth/token_key"}]
2020-05-05 21:35:54,943 6248145 [http-nio-1002-exec-3] ERROR b.c.u.e.c.OAuth2JwtAccessTokenConverter - cannot create signature verifier
2020-05-05 21:35:54,958 6248160 [http-nio-1002-exec-3] ERROR b.c.u.e.c.OAuth2JwtAccessTokenConverter - error in tryCreateSignatureVerifier: 404 : [{"timestamp":"2020-05-06T00:35:54.952+0000","status":404,"error":"Not Found","message":"No message available","path":"/oauth/token_key"}]
2020-05-05 21:35:54,958 6248160 [http-nio-1002-exec-3] ERROR b.c.u.e.c.OAuth2JwtAccessTokenConverter - cannot create signature verifier
2020-05-05 21:45:50,135 6843337 [Thread-20] INFO  o.s.s.c.ThreadPoolTaskExecutor - Shutting down ExecutorService 'applicationTaskExecutor'
2020-05-05 21:45:50,139 6843341 [Thread-20] INFO  o.s.o.j.LocalContainerEntityManagerFactoryBean - Closing JPA EntityManagerFactory for persistence unit 'default'
2020-05-05 21:45:50,144 6843346 [Thread-20] INFO  o.h.t.s.i.SchemaDropperImpl$DelayedDropActionImpl - HHH000477: Starting delayed evictData of schema as part of SessionFactory shut-down'
2020-05-05 21:45:50,358 6843560 [Thread-20] WARN  o.s.b.f.s.DisposableBeanAdapter - Invocation of destroy method failed on bean with name 'inMemoryDatabaseShutdownExecutor': org.h2.jdbc.JdbcSQLNonTransientConnectionException: Database is already closed (to disable automatic closing at VM shutdown, add ";DB_CLOSE_ON_EXIT=FALSE" to the db URL) [90121-200]
2020-05-05 21:45:50,362 6843564 [Thread-20] INFO  com.zaxxer.hikari.HikariDataSource - HikariPool-3 - Shutdown initiated...
2020-05-05 21:45:50,365 6843567 [Thread-20] INFO  com.zaxxer.hikari.HikariDataSource - HikariPool-3 - Shutdown completed.
2020-05-05 21:45:53,996 6847198 [restartedMain] INFO  b.c.u.easygame.EasygameApplication - No active profile set, falling back to default profiles: default
2020-05-05 21:45:55,917 6849119 [restartedMain] INFO  o.s.d.r.c.RepositoryConfigurationDelegate - Bootstrapping Spring Data JPA repositories in DEFAULT mode.
2020-05-05 21:45:55,940 6849142 [restartedMain] INFO  o.s.d.r.c.RepositoryConfigurationDelegate - Finished Spring Data repository scanning in 21ms. Found 0 JPA repository interfaces.
2020-05-05 21:45:56,119 6849321 [restartedMain] INFO  o.s.c.context.scope.GenericScope - BeanFactory id=4445cbfe-b5f0-3d46-83b4-d5ed340887dd
2020-05-05 21:45:56,218 6849420 [restartedMain] INFO  o.s.c.s.PostProcessorRegistrationDelegate$BeanPostProcessorChecker - Bean 'org.springframework.security.config.annotation.configuration.ObjectPostProcessorConfiguration' of type [org.springframework.security.config.annotation.configuration.ObjectPostProcessorConfiguration] is not eligible for getting processed by all BeanPostProcessors (for example: not eligible for auto-proxying)
2020-05-05 21:45:56,221 6849423 [restartedMain] INFO  o.s.c.s.PostProcessorRegistrationDelegate$BeanPostProcessorChecker - Bean 'objectPostProcessor' of type [org.springframework.security.config.annotation.configuration.AutowireBeanFactoryObjectPostProcessor] is not eligible for getting processed by all BeanPostProcessors (for example: not eligible for auto-proxying)
2020-05-05 21:45:56,225 6849427 [restartedMain] INFO  o.s.c.s.PostProcessorRegistrationDelegate$BeanPostProcessorChecker - Bean 'org.springframework.security.access.expression.method.DefaultMethodSecurityExpressionHandler@253f59a7' of type [org.springframework.security.oauth2.provider.expression.OAuth2MethodSecurityExpressionHandler] is not eligible for getting processed by all BeanPostProcessors (for example: not eligible for auto-proxying)
2020-05-05 21:45:56,227 6849429 [restartedMain] INFO  o.s.c.s.PostProcessorRegistrationDelegate$BeanPostProcessorChecker - Bean 'methodSecurityConfig' of type [br.com.una.easygame.config.MethodSecurityConfig$$EnhancerBySpringCGLIB$$cbe8cf8b] is not eligible for getting processed by all BeanPostProcessors (for example: not eligible for auto-proxying)
2020-05-05 21:45:56,231 6849433 [restartedMain] INFO  o.s.c.s.PostProcessorRegistrationDelegate$BeanPostProcessorChecker - Bean 'methodSecurityMetadataSource' of type [org.springframework.security.access.method.DelegatingMethodSecurityMetadataSource] is not eligible for getting processed by all BeanPostProcessors (for example: not eligible for auto-proxying)
2020-05-05 21:45:56,469 6849671 [restartedMain] INFO  o.s.b.w.e.tomcat.TomcatWebServer - Tomcat initialized with port(s): 1002 (http)
2020-05-05 21:45:56,470 6849672 [restartedMain] INFO  o.a.coyote.http11.Http11NioProtocol - Initializing ProtocolHandler ["http-nio-1002"]
2020-05-05 21:45:56,470 6849672 [restartedMain] INFO  o.a.catalina.core.StandardService - Starting service [Tomcat]
2020-05-05 21:45:56,471 6849673 [restartedMain] INFO  o.a.catalina.core.StandardEngine - Starting Servlet engine: [Apache Tomcat/9.0.33]
2020-05-05 21:45:56,559 6849761 [restartedMain] INFO  o.a.c.c.C.[Tomcat].[localhost].[/] - Initializing Spring embedded WebApplicationContext
2020-05-05 21:45:56,559 6849761 [restartedMain] INFO  o.s.web.context.ContextLoader - Root WebApplicationContext: initialization completed in 2507 ms
2020-05-05 21:45:56,751 6849953 [restartedMain] INFO  com.zaxxer.hikari.HikariDataSource - HikariPool-4 - Starting...
2020-05-05 21:45:56,756 6849958 [restartedMain] INFO  com.zaxxer.hikari.HikariDataSource - HikariPool-4 - Start completed.
2020-05-05 21:45:56,756 6849958 [restartedMain] INFO  o.s.b.a.h.H2ConsoleAutoConfiguration - H2 console available at '/h2-console'. Database available at 'jdbc:h2:mem:core'
2020-05-05 21:45:57,029 6850231 [restartedMain] INFO  o.h.jpa.internal.util.LogHelper - HHH000204: Processing PersistenceUnitInfo [name: default]
2020-05-05 21:45:57,046 6850248 [restartedMain] INFO  org.hibernate.dialect.Dialect - HHH000400: Using dialect: org.hibernate.dialect.H2Dialect
2020-05-05 21:45:57,079 6850281 [restartedMain] INFO  o.h.e.t.j.p.i.JtaPlatformInitiator - HHH000490: Using JtaPlatform implementation: [org.hibernate.engine.transaction.jta.platform.internal.NoJtaPlatform]
2020-05-05 21:45:57,080 6850282 [restartedMain] INFO  o.s.o.j.LocalContainerEntityManagerFactoryBean - Initialized JPA EntityManagerFactory for persistence unit 'default'
2020-05-05 21:45:57,134 6850336 [restartedMain] INFO  o.s.b.d.a.OptionalLiveReloadServer - LiveReload server is running on port 35729
2020-05-05 21:45:59,171 6852373 [restartedMain] ERROR b.c.u.e.c.OAuth2JwtAccessTokenConverter - error in tryCreateSignatureVerifier: I/O error on GET request for "http://localhost:1002/oauth/token_key": Connection refused: connect; nested exception is java.net.ConnectException: Connection refused: connect
2020-05-05 21:45:59,172 6852374 [restartedMain] WARN  o.s.s.o.p.t.s.JwtAccessTokenConverter - Unable to create an RSA verifier from verifierKey (ignoreable if using MAC)
2020-05-05 21:45:59,238 6852440 [restartedMain] WARN  o.s.b.a.o.j.JpaBaseConfiguration$JpaWebConfiguration - spring.jpa.open-in-view is enabled by default. Therefore, database queries may be performed during view rendering. Explicitly configure spring.jpa.open-in-view to disable this warning
2020-05-05 21:45:59,291 6852493 [restartedMain] WARN  o.s.c.n.a.ArchaiusAutoConfiguration - No spring.application.name found, defaulting to 'application'
2020-05-05 21:45:59,292 6852494 [restartedMain] WARN  c.n.c.s.URLConfigurationSource - No URLs will be polled as dynamic configuration sources.
2020-05-05 21:45:59,292 6852494 [restartedMain] INFO  c.n.c.s.URLConfigurationSource - To enable URLs as dynamic configuration sources, define System property archaius.configurationSource.additionalUrls or make config.properties available on classpath.
2020-05-05 21:45:59,449 6852651 [restartedMain] INFO  o.s.s.c.ThreadPoolTaskExecutor - Initializing ExecutorService 'applicationTaskExecutor'
2020-05-05 21:45:59,730 6852932 [restartedMain] INFO  o.s.b.a.s.s.UserDetailsServiceAutoConfiguration - 

Using generated security password: 2804c7f1-6d4e-4d12-80b5-2681ae35be0a

2020-05-05 21:45:59,838 6853040 [restartedMain] INFO  o.s.s.w.DefaultSecurityFilterChain - Creating filter chain: any request, [org.springframework.security.web.context.request.async.WebAsyncManagerIntegrationFilter@772f23e9, org.springframework.security.web.context.SecurityContextPersistenceFilter@3006d39, org.springframework.security.web.header.HeaderWriterFilter@c3630fd, org.springframework.security.web.authentication.logout.LogoutFilter@453cac8b, br.com.una.easygame.web.filter.RefreshTokenFilter@1cebc488, org.springframework.security.oauth2.provider.authentication.OAuth2AuthenticationProcessingFilter@3ade0766, org.springframework.security.web.savedrequest.RequestCacheAwareFilter@777bdf1e, org.springframework.security.web.servletapi.SecurityContextHolderAwareRequestFilter@4af7b8d4, org.springframework.security.web.authentication.AnonymousAuthenticationFilter@5d552c47, org.springframework.security.web.session.SessionManagementFilter@28b1d3f2, org.springframework.security.web.access.ExceptionTranslationFilter@57647d6a, org.springframework.security.web.access.intercept.FilterSecurityInterceptor@28dd2446]
2020-05-05 21:46:01,992 6855194 [restartedMain] INFO  o.s.b.a.e.web.EndpointLinksResolver - Exposing 2 endpoint(s) beneath base path '/actuator'
2020-05-05 21:46:02,091 6855293 [restartedMain] INFO  o.a.coyote.http11.Http11NioProtocol - Starting ProtocolHandler ["http-nio-1002"]
2020-05-05 21:46:02,097 6855299 [restartedMain] INFO  o.s.b.w.e.tomcat.TomcatWebServer - Tomcat started on port(s): 1002 (http) with context path ''
2020-05-05 21:46:03,127 6856329 [restartedMain] INFO  b.c.u.easygame.EasygameApplication - Started EasygameApplication in 11.694 seconds (JVM running for 6857.72)
2020-05-05 21:46:03,132 6856334 [restartedMain] INFO  o.s.b.d.a.ConditionEvaluationDeltaLoggingListener - Condition evaluation unchanged
2020-05-05 21:46:07,497 6860699 [Thread-28] INFO  o.s.s.c.ThreadPoolTaskExecutor - Shutting down ExecutorService 'applicationTaskExecutor'
2020-05-05 21:46:07,502 6860704 [Thread-28] INFO  o.s.o.j.LocalContainerEntityManagerFactoryBean - Closing JPA EntityManagerFactory for persistence unit 'default'
2020-05-05 21:46:07,502 6860704 [Thread-28] INFO  o.h.t.s.i.SchemaDropperImpl$DelayedDropActionImpl - HHH000477: Starting delayed evictData of schema as part of SessionFactory shut-down'
2020-05-05 21:46:07,708 6860910 [Thread-28] WARN  o.s.b.f.s.DisposableBeanAdapter - Invocation of destroy method failed on bean with name 'inMemoryDatabaseShutdownExecutor': org.h2.jdbc.JdbcSQLNonTransientConnectionException: Database is already closed (to disable automatic closing at VM shutdown, add ";DB_CLOSE_ON_EXIT=FALSE" to the db URL) [90121-200]
2020-05-05 21:46:07,711 6860913 [Thread-28] INFO  com.zaxxer.hikari.HikariDataSource - HikariPool-4 - Shutdown initiated...
2020-05-05 21:46:07,723 6860925 [Thread-28] INFO  com.zaxxer.hikari.HikariDataSource - HikariPool-4 - Shutdown completed.
2020-05-05 21:46:10,918 6864120 [restartedMain] INFO  b.c.u.easygame.EasygameApplication - No active profile set, falling back to default profiles: default
2020-05-05 21:46:11,947 6865149 [restartedMain] INFO  o.s.d.r.c.RepositoryConfigurationDelegate - Bootstrapping Spring Data JPA repositories in DEFAULT mode.
2020-05-05 21:46:11,967 6865169 [restartedMain] INFO  o.s.d.r.c.RepositoryConfigurationDelegate - Finished Spring Data repository scanning in 20ms. Found 0 JPA repository interfaces.
2020-05-05 21:46:12,150 6865352 [restartedMain] INFO  o.s.c.context.scope.GenericScope - BeanFactory id=4445cbfe-b5f0-3d46-83b4-d5ed340887dd
2020-05-05 21:46:12,242 6865444 [restartedMain] INFO  o.s.c.s.PostProcessorRegistrationDelegate$BeanPostProcessorChecker - Bean 'org.springframework.security.config.annotation.configuration.ObjectPostProcessorConfiguration' of type [org.springframework.security.config.annotation.configuration.ObjectPostProcessorConfiguration] is not eligible for getting processed by all BeanPostProcessors (for example: not eligible for auto-proxying)
2020-05-05 21:46:12,247 6865449 [restartedMain] INFO  o.s.c.s.PostProcessorRegistrationDelegate$BeanPostProcessorChecker - Bean 'objectPostProcessor' of type [org.springframework.security.config.annotation.configuration.AutowireBeanFactoryObjectPostProcessor] is not eligible for getting processed by all BeanPostProcessors (for example: not eligible for auto-proxying)
2020-05-05 21:46:12,249 6865451 [restartedMain] INFO  o.s.c.s.PostProcessorRegistrationDelegate$BeanPostProcessorChecker - Bean 'org.springframework.security.access.expression.method.DefaultMethodSecurityExpressionHandler@5f61789d' of type [org.springframework.security.oauth2.provider.expression.OAuth2MethodSecurityExpressionHandler] is not eligible for getting processed by all BeanPostProcessors (for example: not eligible for auto-proxying)
2020-05-05 21:46:12,250 6865452 [restartedMain] INFO  o.s.c.s.PostProcessorRegistrationDelegate$BeanPostProcessorChecker - Bean 'methodSecurityConfig' of type [br.com.una.easygame.config.MethodSecurityConfig$$EnhancerBySpringCGLIB$$cbe8cf8b] is not eligible for getting processed by all BeanPostProcessors (for example: not eligible for auto-proxying)
2020-05-05 21:46:12,253 6865455 [restartedMain] INFO  o.s.c.s.PostProcessorRegistrationDelegate$BeanPostProcessorChecker - Bean 'methodSecurityMetadataSource' of type [org.springframework.security.access.method.DelegatingMethodSecurityMetadataSource] is not eligible for getting processed by all BeanPostProcessors (for example: not eligible for auto-proxying)
2020-05-05 21:46:12,449 6865651 [restartedMain] INFO  o.s.b.w.e.tomcat.TomcatWebServer - Tomcat initialized with port(s): 1002 (http)
2020-05-05 21:46:12,450 6865652 [restartedMain] INFO  o.a.coyote.http11.Http11NioProtocol - Initializing ProtocolHandler ["http-nio-1002"]
2020-05-05 21:46:12,450 6865652 [restartedMain] INFO  o.a.catalina.core.StandardService - Starting service [Tomcat]
2020-05-05 21:46:12,451 6865653 [restartedMain] INFO  o.a.catalina.core.StandardEngine - Starting Servlet engine: [Apache Tomcat/9.0.33]
2020-05-05 21:46:12,534 6865736 [restartedMain] INFO  o.a.c.c.C.[Tomcat].[localhost].[/] - Initializing Spring embedded WebApplicationContext
2020-05-05 21:46:12,534 6865736 [restartedMain] INFO  o.s.web.context.ContextLoader - Root WebApplicationContext: initialization completed in 1609 ms
2020-05-05 21:46:12,694 6865896 [restartedMain] INFO  com.zaxxer.hikari.HikariDataSource - HikariPool-5 - Starting...
2020-05-05 21:46:12,698 6865900 [restartedMain] INFO  com.zaxxer.hikari.HikariDataSource - HikariPool-5 - Start completed.
2020-05-05 21:46:12,698 6865900 [restartedMain] INFO  o.s.b.a.h.H2ConsoleAutoConfiguration - H2 console available at '/h2-console'. Database available at 'jdbc:h2:mem:core'
2020-05-05 21:46:12,983 6866185 [restartedMain] INFO  o.h.jpa.internal.util.LogHelper - HHH000204: Processing PersistenceUnitInfo [name: default]
2020-05-05 21:46:12,996 6866198 [restartedMain] INFO  org.hibernate.dialect.Dialect - HHH000400: Using dialect: org.hibernate.dialect.H2Dialect
2020-05-05 21:46:13,024 6866226 [restartedMain] INFO  o.h.e.t.j.p.i.JtaPlatformInitiator - HHH000490: Using JtaPlatform implementation: [org.hibernate.engine.transaction.jta.platform.internal.NoJtaPlatform]
2020-05-05 21:46:13,024 6866226 [restartedMain] INFO  o.s.o.j.LocalContainerEntityManagerFactoryBean - Initialized JPA EntityManagerFactory for persistence unit 'default'
2020-05-05 21:46:13,073 6866275 [restartedMain] INFO  o.s.b.d.a.OptionalLiveReloadServer - LiveReload server is running on port 35729
2020-05-05 21:46:15,116 6868318 [restartedMain] ERROR b.c.u.e.c.OAuth2JwtAccessTokenConverter - error in tryCreateSignatureVerifier: I/O error on GET request for "http://localhost:1002/oauth/token_key": Connection refused: connect; nested exception is java.net.ConnectException: Connection refused: connect
2020-05-05 21:46:15,118 6868320 [restartedMain] WARN  o.s.s.o.p.t.s.JwtAccessTokenConverter - Unable to create an RSA verifier from verifierKey (ignoreable if using MAC)
2020-05-05 21:46:15,182 6868384 [restartedMain] WARN  o.s.b.a.o.j.JpaBaseConfiguration$JpaWebConfiguration - spring.jpa.open-in-view is enabled by default. Therefore, database queries may be performed during view rendering. Explicitly configure spring.jpa.open-in-view to disable this warning
2020-05-05 21:46:15,231 6868433 [restartedMain] WARN  o.s.c.n.a.ArchaiusAutoConfiguration - No spring.application.name found, defaulting to 'application'
2020-05-05 21:46:15,232 6868434 [restartedMain] WARN  c.n.c.s.URLConfigurationSource - No URLs will be polled as dynamic configuration sources.
2020-05-05 21:46:15,232 6868434 [restartedMain] INFO  c.n.c.s.URLConfigurationSource - To enable URLs as dynamic configuration sources, define System property archaius.configurationSource.additionalUrls or make config.properties available on classpath.
2020-05-05 21:46:15,372 6868574 [restartedMain] INFO  o.s.s.c.ThreadPoolTaskExecutor - Initializing ExecutorService 'applicationTaskExecutor'
2020-05-05 21:46:15,657 6868859 [restartedMain] INFO  o.s.b.a.s.s.UserDetailsServiceAutoConfiguration - 

Using generated security password: 478a8dad-4eec-4cf9-a823-9ae07187fae2

2020-05-05 21:46:15,714 6868916 [restartedMain] INFO  o.s.s.w.DefaultSecurityFilterChain - Creating filter chain: any request, [org.springframework.security.web.context.request.async.WebAsyncManagerIntegrationFilter@4064f75b, org.springframework.security.web.context.SecurityContextPersistenceFilter@201472c8, org.springframework.security.web.header.HeaderWriterFilter@b36ebce, org.springframework.security.web.authentication.logout.LogoutFilter@3145aa4b, br.com.una.easygame.web.filter.RefreshTokenFilter@28a1728, org.springframework.security.oauth2.provider.authentication.OAuth2AuthenticationProcessingFilter@248eefb5, org.springframework.security.web.savedrequest.RequestCacheAwareFilter@24745676, org.springframework.security.web.servletapi.SecurityContextHolderAwareRequestFilter@18a0b1ad, org.springframework.security.web.authentication.AnonymousAuthenticationFilter@161bbf54, org.springframework.security.web.session.SessionManagementFilter@51cf6020, org.springframework.security.web.access.ExceptionTranslationFilter@3cc70478, org.springframework.security.web.access.intercept.FilterSecurityInterceptor@7ded2d00]
2020-05-05 21:46:17,877 6871079 [restartedMain] INFO  o.s.b.a.e.web.EndpointLinksResolver - Exposing 2 endpoint(s) beneath base path '/actuator'
2020-05-05 21:46:17,970 6871172 [restartedMain] INFO  o.a.coyote.http11.Http11NioProtocol - Starting ProtocolHandler ["http-nio-1002"]
2020-05-05 21:46:17,977 6871179 [restartedMain] INFO  o.s.b.w.e.tomcat.TomcatWebServer - Tomcat started on port(s): 1002 (http) with context path ''
2020-05-05 21:46:18,994 6872196 [restartedMain] INFO  b.c.u.easygame.EasygameApplication - Started EasygameApplication in 10.34 seconds (JVM running for 6873.586)
2020-05-05 21:46:18,998 6872200 [restartedMain] INFO  o.s.b.d.a.ConditionEvaluationDeltaLoggingListener - Condition evaluation unchanged
2020-05-05 21:46:23,661 6876863 [http-nio-1002-exec-1] INFO  o.a.c.c.C.[Tomcat].[localhost].[/] - Initializing Spring DispatcherServlet 'dispatcherServlet'
2020-05-05 21:46:23,663 6876865 [http-nio-1002-exec-1] INFO  o.s.web.servlet.DispatcherServlet - Initializing Servlet 'dispatcherServlet'
2020-05-05 21:46:23,672 6876874 [http-nio-1002-exec-1] INFO  o.s.web.servlet.DispatcherServlet - Completed initialization in 8 ms
2020-05-05 21:46:23,712 6876914 [http-nio-1002-exec-1] ERROR b.c.u.e.c.OAuth2JwtAccessTokenConverter - error in tryCreateSignatureVerifier: 404 : [{"timestamp":"2020-05-06T00:46:23.700+0000","status":404,"error":"Not Found","message":"No message available","path":"/oauth/token_key"}]
2020-05-05 21:46:23,712 6876914 [http-nio-1002-exec-1] ERROR b.c.u.e.c.OAuth2JwtAccessTokenConverter - cannot create signature verifier
2020-05-05 21:46:23,733 6876935 [http-nio-1002-exec-1] ERROR b.c.u.e.c.OAuth2JwtAccessTokenConverter - error in tryCreateSignatureVerifier: 404 : [{"timestamp":"2020-05-06T00:46:23.726+0000","status":404,"error":"Not Found","message":"No message available","path":"/oauth/token_key"}]
2020-05-05 21:46:23,733 6876935 [http-nio-1002-exec-1] ERROR b.c.u.e.c.OAuth2JwtAccessTokenConverter - cannot create signature verifier
2020-05-05 21:46:35,062 6888264 [http-nio-1002-exec-4] ERROR b.c.u.e.c.OAuth2JwtAccessTokenConverter - error in tryCreateSignatureVerifier: 404 : [{"timestamp":"2020-05-06T00:46:35.056+0000","status":404,"error":"Not Found","message":"No message available","path":"/oauth/token_key"}]
2020-05-05 21:46:35,063 6888265 [http-nio-1002-exec-4] ERROR b.c.u.e.c.OAuth2JwtAccessTokenConverter - cannot create signature verifier
2020-05-05 21:46:35,080 6888282 [http-nio-1002-exec-4] ERROR b.c.u.e.c.OAuth2JwtAccessTokenConverter - error in tryCreateSignatureVerifier: 404 : [{"timestamp":"2020-05-06T00:46:35.074+0000","status":404,"error":"Not Found","message":"No message available","path":"/oauth/token_key"}]
2020-05-05 21:46:35,080 6888282 [http-nio-1002-exec-4] ERROR b.c.u.e.c.OAuth2JwtAccessTokenConverter - cannot create signature verifier
2020-05-05 21:47:19,768 6932970 [http-nio-1002-exec-7] ERROR b.c.u.e.c.OAuth2JwtAccessTokenConverter - error in tryCreateSignatureVerifier: 404 : [{"timestamp":"2020-05-06T00:47:19.762+0000","status":404,"error":"Not Found","message":"No message available","path":"/oauth/token_key"}]
2020-05-05 21:47:19,768 6932970 [http-nio-1002-exec-7] ERROR b.c.u.e.c.OAuth2JwtAccessTokenConverter - cannot create signature verifier
