2020-05-09 21:25:37,514 3224 [restartedMain] INFO  o.s.b.d.restart.ChangeableUrls - The Class-Path manifest attribute in C:\Users\evito\.m2\repository\org\glassfish\jaxb\jaxb-runtime\2.3.2\jaxb-runtime-2.3.2.jar referenced one or more files that do not exist: file:/C:/Users/evito/.m2/repository/org/glassfish/jaxb/jaxb-runtime/2.3.2/jakarta.xml.bind-api-2.3.2.jar,file:/C:/Users/evito/.m2/repository/org/glassfish/jaxb/jaxb-runtime/2.3.2/txw2-2.3.2.jar,file:/C:/Users/evito/.m2/repository/org/glassfish/jaxb/jaxb-runtime/2.3.2/istack-commons-runtime-3.0.8.jar,file:/C:/Users/evito/.m2/repository/org/glassfish/jaxb/jaxb-runtime/2.3.2/stax-ex-1.8.1.jar,file:/C:/Users/evito/.m2/repository/org/glassfish/jaxb/jaxb-runtime/2.3.2/FastInfoset-1.2.16.jar,file:/C:/Users/evito/.m2/repository/org/glassfish/jaxb/jaxb-runtime/2.3.2/jakarta.activation-api-1.2.1.jar
2020-05-09 21:25:37,523 3233 [restartedMain] INFO  o.s.b.d.restart.ChangeableUrls - The Class-Path manifest attribute in C:\Users\evito\.m2\repository\com\sun\xml\bind\jaxb-core\2.3.0.1\jaxb-core-2.3.0.1.jar referenced one or more files that do not exist: file:/C:/Users/evito/.m2/repository/com/sun/xml/bind/jaxb-core/2.3.0.1/jaxb-api.jar
2020-05-09 21:25:37,523 3233 [restartedMain] INFO  o.s.b.d.restart.ChangeableUrls - The Class-Path manifest attribute in C:\Users\evito\.m2\repository\com\sun\xml\bind\jaxb-impl\2.3.0.1\jaxb-impl-2.3.0.1.jar referenced one or more files that do not exist: file:/C:/Users/evito/.m2/repository/com/sun/xml/bind/jaxb-impl/2.3.0.1/jaxb-core.jar
2020-05-09 21:25:37,524 3234 [restartedMain] INFO  o.s.b.d.e.DevToolsPropertyDefaultsPostProcessor - Devtools property defaults active! Set 'spring.devtools.add-properties' to 'false' to disable
2020-05-09 21:25:39,811 5521 [restartedMain] INFO  b.c.u.easygame.EasygameApplication - No active profile set, falling back to default profiles: default
2020-05-09 21:25:42,435 8145 [restartedMain] INFO  o.s.d.r.c.RepositoryConfigurationDelegate - Bootstrapping Spring Data JPA repositories in DEFAULT mode.
2020-05-09 21:25:42,494 8204 [restartedMain] INFO  o.s.d.r.c.RepositoryConfigurationDelegate - Finished Spring Data repository scanning in 39ms. Found 0 JPA repository interfaces.
2020-05-09 21:25:43,020 8730 [restartedMain] INFO  o.s.c.context.scope.GenericScope - BeanFactory id=4445cbfe-b5f0-3d46-83b4-d5ed340887dd
2020-05-09 21:25:43,390 9100 [restartedMain] INFO  o.s.c.s.PostProcessorRegistrationDelegate$BeanPostProcessorChecker - Bean 'org.springframework.security.config.annotation.configuration.ObjectPostProcessorConfiguration' of type [org.springframework.security.config.annotation.configuration.ObjectPostProcessorConfiguration] is not eligible for getting processed by all BeanPostProcessors (for example: not eligible for auto-proxying)
2020-05-09 21:25:43,395 9105 [restartedMain] INFO  o.s.c.s.PostProcessorRegistrationDelegate$BeanPostProcessorChecker - Bean 'objectPostProcessor' of type [org.springframework.security.config.annotation.configuration.AutowireBeanFactoryObjectPostProcessor] is not eligible for getting processed by all BeanPostProcessors (for example: not eligible for auto-proxying)
2020-05-09 21:25:43,402 9112 [restartedMain] INFO  o.s.c.s.PostProcessorRegistrationDelegate$BeanPostProcessorChecker - Bean 'org.springframework.security.access.expression.method.DefaultMethodSecurityExpressionHandler@17b97b8e' of type [org.springframework.security.oauth2.provider.expression.OAuth2MethodSecurityExpressionHandler] is not eligible for getting processed by all BeanPostProcessors (for example: not eligible for auto-proxying)
2020-05-09 21:25:43,405 9115 [restartedMain] INFO  o.s.c.s.PostProcessorRegistrationDelegate$BeanPostProcessorChecker - Bean 'methodSecurityConfig' of type [br.com.una.easygame.config.MethodSecurityConfig$$EnhancerBySpringCGLIB$$ab18dd98] is not eligible for getting processed by all BeanPostProcessors (for example: not eligible for auto-proxying)
2020-05-09 21:25:43,417 9127 [restartedMain] INFO  o.s.c.s.PostProcessorRegistrationDelegate$BeanPostProcessorChecker - Bean 'methodSecurityMetadataSource' of type [org.springframework.security.access.method.DelegatingMethodSecurityMetadataSource] is not eligible for getting processed by all BeanPostProcessors (for example: not eligible for auto-proxying)
2020-05-09 21:25:44,205 9915 [restartedMain] INFO  o.s.b.w.e.tomcat.TomcatWebServer - Tomcat initialized with port(s): 1002 (http)
2020-05-09 21:25:44,227 9937 [restartedMain] INFO  o.a.coyote.http11.Http11NioProtocol - Initializing ProtocolHandler ["http-nio-1002"]
2020-05-09 21:25:44,229 9939 [restartedMain] INFO  o.a.catalina.core.StandardService - Starting service [Tomcat]
2020-05-09 21:25:44,229 9939 [restartedMain] INFO  o.a.catalina.core.StandardEngine - Starting Servlet engine: [Apache Tomcat/9.0.33]
2020-05-09 21:25:44,495 10205 [restartedMain] INFO  o.a.c.c.C.[Tomcat].[localhost].[/] - Initializing Spring embedded WebApplicationContext
2020-05-09 21:25:44,495 10205 [restartedMain] INFO  o.s.web.context.ContextLoader - Root WebApplicationContext: initialization completed in 4641 ms
2020-05-09 21:25:44,888 10598 [restartedMain] INFO  com.zaxxer.hikari.HikariDataSource - HikariPool-1 - Starting...
2020-05-09 21:25:45,207 10917 [restartedMain] INFO  com.zaxxer.hikari.HikariDataSource - HikariPool-1 - Start completed.
2020-05-09 21:25:45,227 10937 [restartedMain] INFO  o.s.b.a.h.H2ConsoleAutoConfiguration - H2 console available at '/h2-console'. Database available at 'jdbc:h2:mem:core'
2020-05-09 21:25:45,934 11644 [restartedMain] INFO  o.h.jpa.internal.util.LogHelper - HHH000204: Processing PersistenceUnitInfo [name: default]
2020-05-09 21:25:46,099 11809 [restartedMain] INFO  org.hibernate.Version - HHH000412: Hibernate ORM core version 5.4.12.Final
2020-05-09 21:25:46,419 12129 [restartedMain] INFO  o.h.annotations.common.Version - HCANN000001: Hibernate Commons Annotations {5.1.0.Final}
2020-05-09 21:25:46,675 12385 [restartedMain] INFO  org.hibernate.dialect.Dialect - HHH000400: Using dialect: org.hibernate.dialect.H2Dialect
2020-05-09 21:25:47,221 12931 [restartedMain] INFO  o.h.e.t.j.p.i.JtaPlatformInitiator - HHH000490: Using JtaPlatform implementation: [org.hibernate.engine.transaction.jta.platform.internal.NoJtaPlatform]
2020-05-09 21:25:47,236 12946 [restartedMain] INFO  o.s.o.j.LocalContainerEntityManagerFactoryBean - Initialized JPA EntityManagerFactory for persistence unit 'default'
2020-05-09 21:25:47,351 13061 [restartedMain] INFO  o.s.b.d.a.OptionalLiveReloadServer - LiveReload server is running on port 35729
2020-05-09 21:25:49,596 15306 [restartedMain] ERROR b.c.u.e.c.OAuth2JwtAccessTokenConverter - error in tryCreateSignatureVerifier: I/O error on GET request for "http://localhost:1002/oauth/token_key": Connection refused: connect; nested exception is java.net.ConnectException: Connection refused: connect
2020-05-09 21:25:49,604 15314 [restartedMain] WARN  o.s.s.o.p.t.s.JwtAccessTokenConverter - Unable to create an RSA verifier from verifierKey (ignoreable if using MAC)
2020-05-09 21:25:49,830 15540 [restartedMain] WARN  o.s.b.a.o.j.JpaBaseConfiguration$JpaWebConfiguration - spring.jpa.open-in-view is enabled by default. Therefore, database queries may be performed during view rendering. Explicitly configure spring.jpa.open-in-view to disable this warning
2020-05-09 21:25:49,918 15628 [restartedMain] WARN  o.s.c.n.a.ArchaiusAutoConfiguration - No spring.application.name found, defaulting to 'application'
2020-05-09 21:25:49,923 15633 [restartedMain] WARN  c.n.c.s.URLConfigurationSource - No URLs will be polled as dynamic configuration sources.
2020-05-09 21:25:49,924 15634 [restartedMain] INFO  c.n.c.s.URLConfigurationSource - To enable URLs as dynamic configuration sources, define System property archaius.configurationSource.additionalUrls or make config.properties available on classpath.
2020-05-09 21:25:49,932 15642 [restartedMain] WARN  c.n.c.s.URLConfigurationSource - No URLs will be polled as dynamic configuration sources.
2020-05-09 21:25:49,933 15643 [restartedMain] INFO  c.n.c.s.URLConfigurationSource - To enable URLs as dynamic configuration sources, define System property archaius.configurationSource.additionalUrls or make config.properties available on classpath.
2020-05-09 21:25:50,330 16040 [restartedMain] INFO  o.s.s.c.ThreadPoolTaskExecutor - Initializing ExecutorService 'applicationTaskExecutor'
2020-05-09 21:25:51,025 16735 [restartedMain] INFO  o.s.b.a.s.s.UserDetailsServiceAutoConfiguration - 

Using generated security password: af794f92-de07-402f-9518-baeb9561d7b3

2020-05-09 21:25:51,531 17241 [restartedMain] INFO  o.s.s.w.DefaultSecurityFilterChain - Creating filter chain: any request, [org.springframework.security.web.context.request.async.WebAsyncManagerIntegrationFilter@35730cf6, org.springframework.security.web.context.SecurityContextPersistenceFilter@3a07fd1b, org.springframework.security.web.header.HeaderWriterFilter@57973ccb, org.springframework.security.web.authentication.logout.LogoutFilter@59121e9d, br.com.una.easygame.web.filter.RefreshTokenFilter@490661a7, org.springframework.security.oauth2.provider.authentication.OAuth2AuthenticationProcessingFilter@594a919b, org.springframework.security.web.savedrequest.RequestCacheAwareFilter@20ef344f, org.springframework.security.web.servletapi.SecurityContextHolderAwareRequestFilter@45de0704, org.springframework.security.web.authentication.AnonymousAuthenticationFilter@1dbc3d6a, org.springframework.security.web.session.SessionManagementFilter@2e930189, org.springframework.security.web.access.ExceptionTranslationFilter@dbfdd95, org.springframework.security.web.access.intercept.FilterSecurityInterceptor@5044f03e]
2020-05-09 21:25:54,615 20325 [restartedMain] INFO  o.s.b.a.e.web.EndpointLinksResolver - Exposing 2 endpoint(s) beneath base path '/actuator'
2020-05-09 21:25:54,845 20555 [restartedMain] INFO  o.a.coyote.http11.Http11NioProtocol - Starting ProtocolHandler ["http-nio-1002"]
2020-05-09 21:25:54,896 20606 [restartedMain] INFO  o.s.b.w.e.tomcat.TomcatWebServer - Tomcat started on port(s): 1002 (http) with context path ''
2020-05-09 21:25:56,438 22148 [restartedMain] INFO  b.c.u.easygame.EasygameApplication - Started EasygameApplication in 21.442 seconds (JVM running for 25.135)
2020-05-09 21:34:17,956 523666 [http-nio-1002-exec-1] INFO  o.a.c.c.C.[Tomcat].[localhost].[/] - Initializing Spring DispatcherServlet 'dispatcherServlet'
2020-05-09 21:34:17,958 523668 [http-nio-1002-exec-1] INFO  o.s.web.servlet.DispatcherServlet - Initializing Servlet 'dispatcherServlet'
2020-05-09 21:34:17,983 523693 [http-nio-1002-exec-1] INFO  o.s.web.servlet.DispatcherServlet - Completed initialization in 25 ms
2020-05-09 21:37:10,884 696594 [http-nio-1002-exec-4] ERROR b.c.u.e.s.o.OAuth2AuthenticationService - invalid credentials: 400 : [{"error":"invalid_grant","error_description":"Bad credentials"}]
2020-05-09 21:40:08,637 874347 [http-nio-1002-exec-9] ERROR b.c.u.e.s.o.OAuth2AuthenticationService - invalid credentials: 400 : [{"error":"invalid_grant","error_description":"Bad credentials"}]
