2020-05-07 20:03:00,919 1641 [restartedMain] INFO  o.s.b.d.restart.ChangeableUrls - The Class-Path manifest attribute in C:\Users\evito\.m2\repository\org\glassfish\jaxb\jaxb-runtime\2.3.2\jaxb-runtime-2.3.2.jar referenced one or more files that do not exist: file:/C:/Users/evito/.m2/repository/org/glassfish/jaxb/jaxb-runtime/2.3.2/jakarta.xml.bind-api-2.3.2.jar,file:/C:/Users/evito/.m2/repository/org/glassfish/jaxb/jaxb-runtime/2.3.2/txw2-2.3.2.jar,file:/C:/Users/evito/.m2/repository/org/glassfish/jaxb/jaxb-runtime/2.3.2/istack-commons-runtime-3.0.8.jar,file:/C:/Users/evito/.m2/repository/org/glassfish/jaxb/jaxb-runtime/2.3.2/stax-ex-1.8.1.jar,file:/C:/Users/evito/.m2/repository/org/glassfish/jaxb/jaxb-runtime/2.3.2/FastInfoset-1.2.16.jar,file:/C:/Users/evito/.m2/repository/org/glassfish/jaxb/jaxb-runtime/2.3.2/jakarta.activation-api-1.2.1.jar
2020-05-07 20:03:00,925 1647 [restartedMain] INFO  o.s.b.d.restart.ChangeableUrls - The Class-Path manifest attribute in C:\Users\evito\.m2\repository\com\sun\xml\bind\jaxb-core\2.3.0.1\jaxb-core-2.3.0.1.jar referenced one or more files that do not exist: file:/C:/Users/evito/.m2/repository/com/sun/xml/bind/jaxb-core/2.3.0.1/jaxb-api.jar
2020-05-07 20:03:00,925 1647 [restartedMain] INFO  o.s.b.d.restart.ChangeableUrls - The Class-Path manifest attribute in C:\Users\evito\.m2\repository\com\sun\xml\bind\jaxb-impl\2.3.0.1\jaxb-impl-2.3.0.1.jar referenced one or more files that do not exist: file:/C:/Users/evito/.m2/repository/com/sun/xml/bind/jaxb-impl/2.3.0.1/jaxb-core.jar
2020-05-07 20:03:00,926 1648 [restartedMain] INFO  o.s.b.d.e.DevToolsPropertyDefaultsPostProcessor - Devtools property defaults active! Set 'spring.devtools.add-properties' to 'false' to disable
2020-05-07 20:03:01,865 2587 [restartedMain] INFO  b.c.u.easygame.EasygameApplication - No active profile set, falling back to default profiles: default
2020-05-07 20:03:02,962 3684 [restartedMain] INFO  o.s.d.r.c.RepositoryConfigurationDelegate - Bootstrapping Spring Data JPA repositories in DEFAULT mode.
2020-05-07 20:03:02,989 3711 [restartedMain] INFO  o.s.d.r.c.RepositoryConfigurationDelegate - Finished Spring Data repository scanning in 19ms. Found 0 JPA repository interfaces.
2020-05-07 20:03:03,220 3942 [restartedMain] INFO  o.s.c.context.scope.GenericScope - BeanFactory id=4445cbfe-b5f0-3d46-83b4-d5ed340887dd
2020-05-07 20:03:03,375 4097 [restartedMain] INFO  o.s.c.s.PostProcessorRegistrationDelegate$BeanPostProcessorChecker - Bean 'org.springframework.security.config.annotation.configuration.ObjectPostProcessorConfiguration' of type [org.springframework.security.config.annotation.configuration.ObjectPostProcessorConfiguration] is not eligible for getting processed by all BeanPostProcessors (for example: not eligible for auto-proxying)
2020-05-07 20:03:03,379 4101 [restartedMain] INFO  o.s.c.s.PostProcessorRegistrationDelegate$BeanPostProcessorChecker - Bean 'objectPostProcessor' of type [org.springframework.security.config.annotation.configuration.AutowireBeanFactoryObjectPostProcessor] is not eligible for getting processed by all BeanPostProcessors (for example: not eligible for auto-proxying)
2020-05-07 20:03:03,382 4104 [restartedMain] INFO  o.s.c.s.PostProcessorRegistrationDelegate$BeanPostProcessorChecker - Bean 'org.springframework.security.access.expression.method.DefaultMethodSecurityExpressionHandler@62b78ad3' of type [org.springframework.security.oauth2.provider.expression.OAuth2MethodSecurityExpressionHandler] is not eligible for getting processed by all BeanPostProcessors (for example: not eligible for auto-proxying)
2020-05-07 20:03:03,384 4106 [restartedMain] INFO  o.s.c.s.PostProcessorRegistrationDelegate$BeanPostProcessorChecker - Bean 'methodSecurityConfig' of type [br.com.una.easygame.config.MethodSecurityConfig$$EnhancerBySpringCGLIB$$e9766248] is not eligible for getting processed by all BeanPostProcessors (for example: not eligible for auto-proxying)
2020-05-07 20:03:03,400 4122 [restartedMain] INFO  o.s.c.s.PostProcessorRegistrationDelegate$BeanPostProcessorChecker - Bean 'methodSecurityMetadataSource' of type [org.springframework.security.access.method.DelegatingMethodSecurityMetadataSource] is not eligible for getting processed by all BeanPostProcessors (for example: not eligible for auto-proxying)
2020-05-07 20:03:03,744 4466 [restartedMain] INFO  o.s.b.w.e.tomcat.TomcatWebServer - Tomcat initialized with port(s): 1002 (http)
2020-05-07 20:03:03,754 4476 [restartedMain] INFO  o.a.coyote.http11.Http11NioProtocol - Initializing ProtocolHandler ["http-nio-1002"]
2020-05-07 20:03:03,755 4477 [restartedMain] INFO  o.a.catalina.core.StandardService - Starting service [Tomcat]
2020-05-07 20:03:03,755 4477 [restartedMain] INFO  o.a.catalina.core.StandardEngine - Starting Servlet engine: [Apache Tomcat/9.0.33]
2020-05-07 20:03:03,870 4592 [restartedMain] INFO  o.a.c.c.C.[Tomcat].[localhost].[/] - Initializing Spring embedded WebApplicationContext
2020-05-07 20:03:03,870 4592 [restartedMain] INFO  o.s.web.context.ContextLoader - Root WebApplicationContext: initialization completed in 1992 ms
2020-05-07 20:03:04,041 4763 [restartedMain] INFO  com.zaxxer.hikari.HikariDataSource - HikariPool-1 - Starting...
2020-05-07 20:03:04,161 4883 [restartedMain] INFO  com.zaxxer.hikari.HikariDataSource - HikariPool-1 - Start completed.
2020-05-07 20:03:04,168 4890 [restartedMain] INFO  o.s.b.a.h.H2ConsoleAutoConfiguration - H2 console available at '/h2-console'. Database available at 'jdbc:h2:mem:core'
2020-05-07 20:03:04,463 5185 [restartedMain] INFO  o.h.jpa.internal.util.LogHelper - HHH000204: Processing PersistenceUnitInfo [name: default]
2020-05-07 20:03:04,530 5252 [restartedMain] INFO  org.hibernate.Version - HHH000412: Hibernate ORM core version 5.4.12.Final
2020-05-07 20:03:04,635 5357 [restartedMain] INFO  o.h.annotations.common.Version - HCANN000001: Hibernate Commons Annotations {5.1.0.Final}
2020-05-07 20:03:04,742 5464 [restartedMain] INFO  org.hibernate.dialect.Dialect - HHH000400: Using dialect: org.hibernate.dialect.H2Dialect
2020-05-07 20:03:04,976 5698 [restartedMain] INFO  o.h.e.t.j.p.i.JtaPlatformInitiator - HHH000490: Using JtaPlatform implementation: [org.hibernate.engine.transaction.jta.platform.internal.NoJtaPlatform]
2020-05-07 20:03:04,982 5704 [restartedMain] INFO  o.s.o.j.LocalContainerEntityManagerFactoryBean - Initialized JPA EntityManagerFactory for persistence unit 'default'
2020-05-07 20:03:05,051 5773 [restartedMain] WARN  o.s.b.d.a.OptionalLiveReloadServer - Unable to start LiveReload server
2020-05-07 20:03:07,161 7883 [restartedMain] ERROR b.c.u.e.c.OAuth2JwtAccessTokenConverter - error in tryCreateSignatureVerifier: I/O error on GET request for "http://localhost:1002/oauth/token_key": Connection refused: connect; nested exception is java.net.ConnectException: Connection refused: connect
2020-05-07 20:03:07,167 7889 [restartedMain] WARN  o.s.s.o.p.t.s.JwtAccessTokenConverter - Unable to create an RSA verifier from verifierKey (ignoreable if using MAC)
2020-05-07 20:03:07,288 8010 [restartedMain] WARN  o.s.b.a.o.j.JpaBaseConfiguration$JpaWebConfiguration - spring.jpa.open-in-view is enabled by default. Therefore, database queries may be performed during view rendering. Explicitly configure spring.jpa.open-in-view to disable this warning
2020-05-07 20:03:07,352 8074 [restartedMain] WARN  o.s.c.n.a.ArchaiusAutoConfiguration - No spring.application.name found, defaulting to 'application'
2020-05-07 20:03:07,355 8077 [restartedMain] WARN  c.n.c.s.URLConfigurationSource - No URLs will be polled as dynamic configuration sources.
2020-05-07 20:03:07,355 8077 [restartedMain] INFO  c.n.c.s.URLConfigurationSource - To enable URLs as dynamic configuration sources, define System property archaius.configurationSource.additionalUrls or make config.properties available on classpath.
2020-05-07 20:03:07,361 8083 [restartedMain] WARN  c.n.c.s.URLConfigurationSource - No URLs will be polled as dynamic configuration sources.
2020-05-07 20:03:07,361 8083 [restartedMain] INFO  c.n.c.s.URLConfigurationSource - To enable URLs as dynamic configuration sources, define System property archaius.configurationSource.additionalUrls or make config.properties available on classpath.
2020-05-07 20:03:07,558 8280 [restartedMain] INFO  o.s.s.c.ThreadPoolTaskExecutor - Initializing ExecutorService 'applicationTaskExecutor'
2020-05-07 20:03:07,947 8669 [restartedMain] INFO  o.s.b.a.s.s.UserDetailsServiceAutoConfiguration - 

Using generated security password: dcb77366-cba9-4524-b064-a3ef690bbc4d

2020-05-07 20:03:08,341 9063 [restartedMain] INFO  o.s.s.w.DefaultSecurityFilterChain - Creating filter chain: any request, [org.springframework.security.web.context.request.async.WebAsyncManagerIntegrationFilter@4b12e77, org.springframework.security.web.context.SecurityContextPersistenceFilter@6dfcd3f4, org.springframework.security.web.header.HeaderWriterFilter@2db649c9, org.springframework.security.web.authentication.logout.LogoutFilter@5f37eacc, br.com.una.easygame.web.filter.RefreshTokenFilter@27c9b63e, org.springframework.security.oauth2.provider.authentication.OAuth2AuthenticationProcessingFilter@1ce54a7a, org.springframework.security.web.savedrequest.RequestCacheAwareFilter@7ab5c70e, org.springframework.security.web.servletapi.SecurityContextHolderAwareRequestFilter@2c4f9b, org.springframework.security.web.authentication.AnonymousAuthenticationFilter@1d7a8171, org.springframework.security.web.session.SessionManagementFilter@7fa74265, org.springframework.security.web.access.ExceptionTranslationFilter@36e6af6a, org.springframework.security.web.access.intercept.FilterSecurityInterceptor@47d0dafd]
2020-05-07 20:03:09,868 10590 [restartedMain] INFO  o.s.b.a.e.web.EndpointLinksResolver - Exposing 2 endpoint(s) beneath base path '/actuator'
2020-05-07 20:03:09,960 10682 [restartedMain] INFO  o.a.coyote.http11.Http11NioProtocol - Starting ProtocolHandler ["http-nio-1002"]
2020-05-07 20:03:09,984 10706 [restartedMain] INFO  o.s.b.w.e.tomcat.TomcatWebServer - Tomcat started on port(s): 1002 (http) with context path ''
2020-05-07 20:03:10,655 11377 [restartedMain] INFO  b.c.u.easygame.EasygameApplication - Started EasygameApplication in 11.121 seconds (JVM running for 12.452)
