2020-04-28 18:40:59,848 1700 [restartedMain] INFO  o.s.b.d.restart.ChangeableUrls - The Class-Path manifest attribute in C:\Users\Vítor Nunes\.m2\repository\org\glassfish\jaxb\jaxb-runtime\2.3.2\jaxb-runtime-2.3.2.jar referenced one or more files that do not exist: file:/C:/Users/Vítor%20Nunes/.m2/repository/org/glassfish/jaxb/jaxb-runtime/2.3.2/jakarta.xml.bind-api-2.3.2.jar,file:/C:/Users/Vítor%20Nunes/.m2/repository/org/glassfish/jaxb/jaxb-runtime/2.3.2/txw2-2.3.2.jar,file:/C:/Users/Vítor%20Nunes/.m2/repository/org/glassfish/jaxb/jaxb-runtime/2.3.2/istack-commons-runtime-3.0.8.jar,file:/C:/Users/Vítor%20Nunes/.m2/repository/org/glassfish/jaxb/jaxb-runtime/2.3.2/stax-ex-1.8.1.jar,file:/C:/Users/Vítor%20Nunes/.m2/repository/org/glassfish/jaxb/jaxb-runtime/2.3.2/FastInfoset-1.2.16.jar,file:/C:/Users/Vítor%20Nunes/.m2/repository/org/glassfish/jaxb/jaxb-runtime/2.3.2/jakarta.activation-api-1.2.1.jar
2020-04-28 18:40:59,862 1714 [restartedMain] INFO  o.s.b.d.restart.ChangeableUrls - The Class-Path manifest attribute in C:\Users\Vítor Nunes\.m2\repository\com\sun\xml\bind\jaxb-core\2.3.0.1\jaxb-core-2.3.0.1.jar referenced one or more files that do not exist: file:/C:/Users/Vítor%20Nunes/.m2/repository/com/sun/xml/bind/jaxb-core/2.3.0.1/jaxb-api.jar
2020-04-28 18:40:59,862 1714 [restartedMain] INFO  o.s.b.d.restart.ChangeableUrls - The Class-Path manifest attribute in C:\Users\Vítor Nunes\.m2\repository\com\sun\xml\bind\jaxb-impl\2.3.0.1\jaxb-impl-2.3.0.1.jar referenced one or more files that do not exist: file:/C:/Users/Vítor%20Nunes/.m2/repository/com/sun/xml/bind/jaxb-impl/2.3.0.1/jaxb-core.jar
2020-04-28 18:40:59,862 1714 [restartedMain] INFO  o.s.b.d.e.DevToolsPropertyDefaultsPostProcessor - Devtools property defaults active! Set 'spring.devtools.add-properties' to 'false' to disable
2020-04-28 18:41:00,873 2725 [restartedMain] INFO  b.c.u.easygame.EasygameApplication - No active profile set, falling back to default profiles: default
2020-04-28 18:41:02,148 4000 [restartedMain] INFO  o.s.d.r.c.RepositoryConfigurationDelegate - Bootstrapping Spring Data JPA repositories in DEFAULT mode.
2020-04-28 18:41:02,172 4024 [restartedMain] INFO  o.s.d.r.c.RepositoryConfigurationDelegate - Finished Spring Data repository scanning in 17ms. Found 0 JPA repository interfaces.
2020-04-28 18:41:02,595 4447 [restartedMain] INFO  o.s.c.context.scope.GenericScope - BeanFactory id=4445cbfe-b5f0-3d46-83b4-d5ed340887dd
2020-04-28 18:41:02,763 4615 [restartedMain] INFO  o.s.c.s.PostProcessorRegistrationDelegate$BeanPostProcessorChecker - Bean 'org.springframework.security.config.annotation.configuration.ObjectPostProcessorConfiguration' of type [org.springframework.security.config.annotation.configuration.ObjectPostProcessorConfiguration] is not eligible for getting processed by all BeanPostProcessors (for example: not eligible for auto-proxying)
2020-04-28 18:41:02,766 4618 [restartedMain] INFO  o.s.c.s.PostProcessorRegistrationDelegate$BeanPostProcessorChecker - Bean 'objectPostProcessor' of type [org.springframework.security.config.annotation.configuration.AutowireBeanFactoryObjectPostProcessor] is not eligible for getting processed by all BeanPostProcessors (for example: not eligible for auto-proxying)
2020-04-28 18:41:02,769 4621 [restartedMain] INFO  o.s.c.s.PostProcessorRegistrationDelegate$BeanPostProcessorChecker - Bean 'org.springframework.security.access.expression.method.DefaultMethodSecurityExpressionHandler@290441c9' of type [org.springframework.security.oauth2.provider.expression.OAuth2MethodSecurityExpressionHandler] is not eligible for getting processed by all BeanPostProcessors (for example: not eligible for auto-proxying)
2020-04-28 18:41:02,771 4623 [restartedMain] INFO  o.s.c.s.PostProcessorRegistrationDelegate$BeanPostProcessorChecker - Bean 'methodSecurityConfig' of type [br.com.una.easygame.config.MethodSecurityConfig$$EnhancerBySpringCGLIB$$b33475a8] is not eligible for getting processed by all BeanPostProcessors (for example: not eligible for auto-proxying)
2020-04-28 18:41:02,777 4629 [restartedMain] INFO  o.s.c.s.PostProcessorRegistrationDelegate$BeanPostProcessorChecker - Bean 'methodSecurityMetadataSource' of type [org.springframework.security.access.method.DelegatingMethodSecurityMetadataSource] is not eligible for getting processed by all BeanPostProcessors (for example: not eligible for auto-proxying)
2020-04-28 18:41:03,310 5162 [restartedMain] INFO  o.s.b.w.e.tomcat.TomcatWebServer - Tomcat initialized with port(s): 1002 (http)
2020-04-28 18:41:03,334 5186 [restartedMain] INFO  o.a.coyote.http11.Http11NioProtocol - Initializing ProtocolHandler ["http-nio-1002"]
2020-04-28 18:41:03,334 5186 [restartedMain] INFO  o.a.catalina.core.StandardService - Starting service [Tomcat]
2020-04-28 18:41:03,335 5187 [restartedMain] INFO  o.a.catalina.core.StandardEngine - Starting Servlet engine: [Apache Tomcat/9.0.33]
2020-04-28 18:41:03,496 5348 [restartedMain] INFO  o.a.c.c.C.[Tomcat].[localhost].[/] - Initializing Spring embedded WebApplicationContext
2020-04-28 18:41:03,496 5348 [restartedMain] INFO  o.s.web.context.ContextLoader - Root WebApplicationContext: initialization completed in 2610 ms
2020-04-28 18:41:03,744 5596 [restartedMain] INFO  com.zaxxer.hikari.HikariDataSource - HikariPool-1 - Starting...
2020-04-28 18:41:03,902 5754 [restartedMain] INFO  com.zaxxer.hikari.HikariDataSource - HikariPool-1 - Start completed.
2020-04-28 18:41:03,907 5759 [restartedMain] INFO  o.s.b.a.h.H2ConsoleAutoConfiguration - H2 console available at '/h2-console'. Database available at 'jdbc:h2:mem:core'
2020-04-28 18:41:04,216 6068 [restartedMain] INFO  o.h.jpa.internal.util.LogHelper - HHH000204: Processing PersistenceUnitInfo [name: default]
2020-04-28 18:41:04,273 6125 [restartedMain] INFO  org.hibernate.Version - HHH000412: Hibernate ORM core version 5.4.12.Final
2020-04-28 18:41:04,379 6231 [restartedMain] INFO  o.h.annotations.common.Version - HCANN000001: Hibernate Commons Annotations {5.1.0.Final}
2020-04-28 18:41:04,462 6314 [restartedMain] INFO  org.hibernate.dialect.Dialect - HHH000400: Using dialect: org.hibernate.dialect.H2Dialect
2020-04-28 18:41:04,632 6484 [restartedMain] INFO  o.h.e.t.j.p.i.JtaPlatformInitiator - HHH000490: Using JtaPlatform implementation: [org.hibernate.engine.transaction.jta.platform.internal.NoJtaPlatform]
2020-04-28 18:41:04,638 6490 [restartedMain] INFO  o.s.o.j.LocalContainerEntityManagerFactoryBean - Initialized JPA EntityManagerFactory for persistence unit 'default'
2020-04-28 18:41:04,678 6530 [restartedMain] INFO  o.s.b.d.a.OptionalLiveReloadServer - LiveReload server is running on port 35729
2020-04-28 18:41:06,801 8653 [restartedMain] ERROR b.c.u.e.c.OAuth2JwtAccessTokenConverter - error in tryCreateSignatureVerifier: I/O error on GET request for "http://localhost:1002/oauth/token_key": Connection refused: connect; nested exception is java.net.ConnectException: Connection refused: connect
2020-04-28 18:41:06,809 8661 [restartedMain] WARN  o.s.s.o.p.t.s.JwtAccessTokenConverter - Unable to create an RSA verifier from verifierKey (ignoreable if using MAC)
2020-04-28 18:41:06,929 8781 [restartedMain] WARN  o.s.b.a.o.j.JpaBaseConfiguration$JpaWebConfiguration - spring.jpa.open-in-view is enabled by default. Therefore, database queries may be performed during view rendering. Explicitly configure spring.jpa.open-in-view to disable this warning
2020-04-28 18:41:07,008 8860 [restartedMain] WARN  o.s.c.n.a.ArchaiusAutoConfiguration - No spring.application.name found, defaulting to 'application'
2020-04-28 18:41:07,010 8862 [restartedMain] WARN  c.n.c.s.URLConfigurationSource - No URLs will be polled as dynamic configuration sources.
2020-04-28 18:41:07,011 8863 [restartedMain] INFO  c.n.c.s.URLConfigurationSource - To enable URLs as dynamic configuration sources, define System property archaius.configurationSource.additionalUrls or make config.properties available on classpath.
2020-04-28 18:41:07,043 8895 [restartedMain] WARN  c.n.c.s.URLConfigurationSource - No URLs will be polled as dynamic configuration sources.
2020-04-28 18:41:07,043 8895 [restartedMain] INFO  c.n.c.s.URLConfigurationSource - To enable URLs as dynamic configuration sources, define System property archaius.configurationSource.additionalUrls or make config.properties available on classpath.
2020-04-28 18:41:07,313 9165 [restartedMain] INFO  o.s.s.c.ThreadPoolTaskExecutor - Initializing ExecutorService 'applicationTaskExecutor'
2020-04-28 18:41:07,615 9467 [restartedMain] INFO  o.s.b.a.s.s.UserDetailsServiceAutoConfiguration - 

Using generated security password: 5958c24b-6521-4653-b3ff-f47cab98a1cc

2020-04-28 18:41:08,265 10117 [restartedMain] INFO  o.s.s.w.DefaultSecurityFilterChain - Creating filter chain: any request, [org.springframework.security.web.context.request.async.WebAsyncManagerIntegrationFilter@1ac940af, org.springframework.security.web.context.SecurityContextPersistenceFilter@40d8f404, org.springframework.security.web.header.HeaderWriterFilter@448432, org.springframework.security.web.authentication.logout.LogoutFilter@23867816, br.com.una.easygame.web.filter.RefreshTokenFilter@6fce2407, org.springframework.security.oauth2.provider.authentication.OAuth2AuthenticationProcessingFilter@532405aa, org.springframework.security.web.savedrequest.RequestCacheAwareFilter@73838a24, org.springframework.security.web.servletapi.SecurityContextHolderAwareRequestFilter@6c7ef431, org.springframework.security.web.authentication.AnonymousAuthenticationFilter@49e1b0d3, org.springframework.security.web.session.SessionManagementFilter@5561a3c9, org.springframework.security.web.access.ExceptionTranslationFilter@5aed783f, org.springframework.security.web.access.intercept.FilterSecurityInterceptor@4b9d2e8c]
2020-04-28 18:41:09,562 11414 [restartedMain] INFO  o.s.b.a.e.web.EndpointLinksResolver - Exposing 2 endpoint(s) beneath base path '/actuator'
2020-04-28 18:41:09,705 11557 [restartedMain] INFO  o.a.coyote.http11.Http11NioProtocol - Starting ProtocolHandler ["http-nio-1002"]
2020-04-28 18:41:10,132 11984 [restartedMain] INFO  o.s.b.w.e.tomcat.TomcatWebServer - Tomcat started on port(s): 1002 (http) with context path ''
2020-04-28 18:41:10,687 12539 [restartedMain] INFO  b.c.u.easygame.EasygameApplication - Started EasygameApplication in 12.181 seconds (JVM running for 13.996)
2020-04-28 18:44:11,940 193792 [http-nio-1002-exec-1] INFO  o.a.c.c.C.[Tomcat].[localhost].[/] - Initializing Spring DispatcherServlet 'dispatcherServlet'
2020-04-28 18:44:11,942 193794 [http-nio-1002-exec-1] INFO  o.s.web.servlet.DispatcherServlet - Initializing Servlet 'dispatcherServlet'
2020-04-28 18:44:11,950 193802 [http-nio-1002-exec-1] INFO  o.s.web.servlet.DispatcherServlet - Completed initialization in 8 ms
2020-04-28 19:03:02,314 1324166 [http-nio-1002-exec-3] ERROR b.c.u.e.c.OAuth2JwtAccessTokenConverter - error in tryCreateSignatureVerifier: 404 : [{"timestamp":"2020-04-28T22:03:02.284+0000","status":404,"error":"Not Found","message":"No message available","path":"/oauth/token_key"}]
2020-04-28 19:03:02,314 1324166 [http-nio-1002-exec-3] ERROR b.c.u.e.c.OAuth2JwtAccessTokenConverter - cannot create signature verifier
2020-04-28 19:14:27,952 2009804 [http-nio-1002-exec-3] ERROR b.c.u.e.s.o.OAuth2AuthenticationService - invalid credentials: 404 : [{"timestamp":"2020-04-28T22:14:27.950+0000","status":404,"error":"Not Found","message":"No message available","path":"/oauth/token_key"}]
2020-04-28 19:14:38,563 2020415 [http-nio-1002-exec-7] ERROR b.c.u.e.c.OAuth2JwtAccessTokenConverter - error in tryCreateSignatureVerifier: 404 : [{"timestamp":"2020-04-28T22:14:38.560+0000","status":404,"error":"Not Found","message":"No message available","path":"/oauth/token_key"}]
2020-04-28 19:14:38,563 2020415 [http-nio-1002-exec-7] ERROR b.c.u.e.c.OAuth2JwtAccessTokenConverter - cannot create signature verifier
2020-04-28 19:14:38,586 2020438 [http-nio-1002-exec-7] ERROR b.c.u.e.s.o.OAuth2AuthenticationService - invalid credentials: 404 : [{"timestamp":"2020-04-28T22:14:38.586+0000","status":404,"error":"Not Found","message":"No message available","path":"/oauth/token_key"}]
2020-04-28 19:35:03,792 3245644 [http-nio-1002-exec-2] ERROR b.c.u.e.c.OAuth2JwtAccessTokenConverter - error in tryCreateSignatureVerifier: 404 : [{"timestamp":"2020-04-28T22:35:03.790+0000","status":404,"error":"Not Found","message":"No message available","path":"/oauth/token_key"}]
2020-04-28 19:35:03,793 3245645 [http-nio-1002-exec-2] ERROR b.c.u.e.c.OAuth2JwtAccessTokenConverter - cannot create signature verifier
2020-04-28 19:35:03,807 3245659 [http-nio-1002-exec-2] ERROR b.c.u.e.s.o.OAuth2AuthenticationService - invalid credentials: 404 : [{"timestamp":"2020-04-28T22:35:03.803+0000","status":404,"error":"Not Found","message":"No message available","path":"/oauth/token_key"}]
2020-04-28 19:35:13,985 3255837 [http-nio-1002-exec-6] ERROR b.c.u.e.c.OAuth2JwtAccessTokenConverter - error in tryCreateSignatureVerifier: 404 : [{"timestamp":"2020-04-28T22:35:13.983+0000","status":404,"error":"Not Found","message":"No message available","path":"/oauth/token_key"}]
2020-04-28 19:35:13,985 3255837 [http-nio-1002-exec-6] ERROR b.c.u.e.c.OAuth2JwtAccessTokenConverter - cannot create signature verifier
2020-04-28 19:36:25,474 3327326 [http-nio-1002-exec-6] ERROR b.c.u.e.s.o.OAuth2AuthenticationService - invalid credentials: 404 : [{"timestamp":"2020-04-28T22:35:30.867+0000","status":404,"error":"Not Found","message":"No message available","path":"/oauth/token_key"}]
2020-04-28 19:36:56,229 3358081 [http-nio-1002-exec-7] ERROR b.c.u.e.c.OAuth2JwtAccessTokenConverter - error in tryCreateSignatureVerifier: 404 : [{"timestamp":"2020-04-28T22:36:56.224+0000","status":404,"error":"Not Found","message":"No message available","path":"/oauth/token_key"}]
2020-04-28 19:36:56,229 3358081 [http-nio-1002-exec-7] ERROR b.c.u.e.c.OAuth2JwtAccessTokenConverter - cannot create signature verifier
2020-04-28 19:42:15,820 3677672 [http-nio-1002-exec-7] ERROR b.c.u.e.s.o.OAuth2AuthenticationService - invalid credentials: 404 : [{"timestamp":"2020-04-28T22:42:15.808+0000","status":404,"error":"Not Found","message":"No message available","path":"/oauth/token_key"}]
2020-04-28 19:42:19,352 3681204 [http-nio-1002-exec-5] ERROR b.c.u.e.c.OAuth2JwtAccessTokenConverter - error in tryCreateSignatureVerifier: 404 : [{"timestamp":"2020-04-28T22:42:19.348+0000","status":404,"error":"Not Found","message":"No message available","path":"/oauth/token_key"}]
2020-04-28 19:42:19,352 3681204 [http-nio-1002-exec-5] ERROR b.c.u.e.c.OAuth2JwtAccessTokenConverter - cannot create signature verifier
2020-04-28 19:45:31,552 3873404 [http-nio-1002-exec-5] ERROR b.c.u.e.s.o.OAuth2AuthenticationService - invalid credentials: 404 : [{"timestamp":"2020-04-28T22:42:47.299+0000","status":404,"error":"Not Found","message":"No message available","path":"/oauth/token_key"}]
2020-04-28 19:45:34,180 3876032 [http-nio-1002-exec-6] ERROR b.c.u.e.c.OAuth2JwtAccessTokenConverter - error in tryCreateSignatureVerifier: 404 : [{"timestamp":"2020-04-28T22:45:34.177+0000","status":404,"error":"Not Found","message":"No message available","path":"/oauth/token_key"}]
2020-04-28 19:45:34,180 3876032 [http-nio-1002-exec-6] ERROR b.c.u.e.c.OAuth2JwtAccessTokenConverter - cannot create signature verifier
2020-04-28 19:53:43,020 4364872 [http-nio-1002-exec-6] ERROR b.c.u.e.s.o.OAuth2AuthenticationService - invalid credentials: 404 : [{"timestamp":"2020-04-28T22:46:17.999+0000","status":404,"error":"Not Found","message":"No message available","path":"/oauth/token_key"}]
2020-04-28 19:56:11,320 4513172 [http-nio-1002-exec-4] ERROR b.c.u.e.c.OAuth2JwtAccessTokenConverter - error in tryCreateSignatureVerifier: 404 : [{"timestamp":"2020-04-28T22:56:11.313+0000","status":404,"error":"Not Found","message":"No message available","path":"/oauth/token_key"}]
2020-04-28 19:56:11,321 4513173 [http-nio-1002-exec-4] ERROR b.c.u.e.c.OAuth2JwtAccessTokenConverter - cannot create signature verifier
2020-04-28 19:56:12,408 4514260 [http-nio-1002-exec-4] ERROR b.c.u.e.s.o.OAuth2AuthenticationService - invalid credentials: 404 : [{"timestamp":"2020-04-28T22:56:12.400+0000","status":404,"error":"Not Found","message":"No message available","path":"/oauth/token_key"}]
2020-04-28 19:56:43,041 4544893 [http-nio-1002-exec-3] ERROR b.c.u.e.c.OAuth2JwtAccessTokenConverter - error in tryCreateSignatureVerifier: 404 : [{"timestamp":"2020-04-28T22:56:43.032+0000","status":404,"error":"Not Found","message":"No message available","path":"/oauth/token_key"}]
2020-04-28 19:56:43,042 4544894 [http-nio-1002-exec-3] ERROR b.c.u.e.c.OAuth2JwtAccessTokenConverter - cannot create signature verifier
2020-04-28 19:56:47,465 4549317 [http-nio-1002-exec-3] ERROR b.c.u.e.s.o.OAuth2AuthenticationService - invalid credentials: 404 : [{"timestamp":"2020-04-28T22:56:47.454+0000","status":404,"error":"Not Found","message":"No message available","path":"/oauth/token_key"}]
2020-04-28 19:59:21,166 4703018 [http-nio-1002-exec-10] ERROR b.c.u.e.c.OAuth2JwtAccessTokenConverter - error in tryCreateSignatureVerifier: 404 : [{"timestamp":"2020-04-28T22:59:21.156+0000","status":404,"error":"Not Found","message":"No message available","path":"/oauth/token_key"}]
2020-04-28 19:59:21,166 4703018 [http-nio-1002-exec-10] ERROR b.c.u.e.c.OAuth2JwtAccessTokenConverter - cannot create signature verifier
2020-04-28 19:59:21,189 4703041 [http-nio-1002-exec-10] ERROR b.c.u.e.s.o.OAuth2AuthenticationService - invalid credentials: 404 : [{"timestamp":"2020-04-28T22:59:21.182+0000","status":404,"error":"Not Found","message":"No message available","path":"/oauth/token_key"}]
2020-04-28 19:59:27,702 4709554 [http-nio-1002-exec-2] ERROR b.c.u.e.c.OAuth2JwtAccessTokenConverter - error in tryCreateSignatureVerifier: 404 : [{"timestamp":"2020-04-28T22:59:27.695+0000","status":404,"error":"Not Found","message":"No message available","path":"/oauth/token_key"}]
2020-04-28 19:59:27,703 4709555 [http-nio-1002-exec-2] ERROR b.c.u.e.c.OAuth2JwtAccessTokenConverter - cannot create signature verifier
2020-04-28 19:59:27,723 4709575 [http-nio-1002-exec-2] ERROR b.c.u.e.s.o.OAuth2AuthenticationService - invalid credentials: 404 : [{"timestamp":"2020-04-28T22:59:27.715+0000","status":404,"error":"Not Found","message":"No message available","path":"/oauth/token_key"}]
2020-04-28 19:59:35,765 4717617 [http-nio-1002-exec-5] ERROR b.c.u.e.c.OAuth2JwtAccessTokenConverter - error in tryCreateSignatureVerifier: 404 : [{"timestamp":"2020-04-28T22:59:35.758+0000","status":404,"error":"Not Found","message":"No message available","path":"/oauth/token_key"}]
2020-04-28 19:59:35,766 4717618 [http-nio-1002-exec-5] ERROR b.c.u.e.c.OAuth2JwtAccessTokenConverter - cannot create signature verifier
2020-04-28 19:59:35,786 4717638 [http-nio-1002-exec-5] ERROR b.c.u.e.s.o.OAuth2AuthenticationService - invalid credentials: 404 : [{"timestamp":"2020-04-28T22:59:35.778+0000","status":404,"error":"Not Found","message":"No message available","path":"/oauth/token_key"}]
2020-04-28 20:00:37,774 4779626 [http-nio-1002-exec-7] ERROR b.c.u.e.c.OAuth2JwtAccessTokenConverter - error in tryCreateSignatureVerifier: 404 : [{"timestamp":"2020-04-28T23:00:37.767+0000","status":404,"error":"Not Found","message":"No message available","path":"/oauth/token_key"}]
2020-04-28 20:00:37,775 4779627 [http-nio-1002-exec-7] ERROR b.c.u.e.c.OAuth2JwtAccessTokenConverter - cannot create signature verifier
2020-04-28 20:00:37,797 4779649 [http-nio-1002-exec-7] ERROR b.c.u.e.s.o.OAuth2AuthenticationService - invalid credentials: 404 : [{"timestamp":"2020-04-28T23:00:37.787+0000","status":404,"error":"Not Found","message":"No message available","path":"/oauth/token_key"}]
2020-04-28 20:01:07,938 4809790 [Thread-7] INFO  o.s.s.c.ThreadPoolTaskExecutor - Shutting down ExecutorService 'applicationTaskExecutor'
2020-04-28 20:01:07,947 4809799 [Thread-7] INFO  o.s.o.j.LocalContainerEntityManagerFactoryBean - Closing JPA EntityManagerFactory for persistence unit 'default'
2020-04-28 20:01:07,949 4809801 [Thread-7] INFO  o.h.t.s.i.SchemaDropperImpl$DelayedDropActionImpl - HHH000477: Starting delayed evictData of schema as part of SessionFactory shut-down'
2020-04-28 20:01:08,210 4810062 [Thread-7] WARN  o.s.b.f.s.DisposableBeanAdapter - Invocation of destroy method failed on bean with name 'inMemoryDatabaseShutdownExecutor': org.h2.jdbc.JdbcSQLNonTransientConnectionException: Database is already closed (to disable automatic closing at VM shutdown, add ";DB_CLOSE_ON_EXIT=FALSE" to the db URL) [90121-200]
2020-04-28 20:01:08,215 4810067 [Thread-7] INFO  com.zaxxer.hikari.HikariDataSource - HikariPool-1 - Shutdown initiated...
2020-04-28 20:01:08,220 4810072 [Thread-7] INFO  com.zaxxer.hikari.HikariDataSource - HikariPool-1 - Shutdown completed.
2020-04-28 20:01:11,827 4813679 [restartedMain] INFO  b.c.u.easygame.EasygameApplication - No active profile set, falling back to default profiles: default
2020-04-28 20:01:13,628 4815480 [restartedMain] INFO  o.s.d.r.c.RepositoryConfigurationDelegate - Bootstrapping Spring Data JPA repositories in DEFAULT mode.
2020-04-28 20:01:13,653 4815505 [restartedMain] INFO  o.s.d.r.c.RepositoryConfigurationDelegate - Finished Spring Data repository scanning in 22ms. Found 0 JPA repository interfaces.
2020-04-28 20:01:13,879 4815731 [restartedMain] INFO  o.s.c.context.scope.GenericScope - BeanFactory id=4445cbfe-b5f0-3d46-83b4-d5ed340887dd
2020-04-28 20:01:14,022 4815874 [restartedMain] INFO  o.s.c.s.PostProcessorRegistrationDelegate$BeanPostProcessorChecker - Bean 'org.springframework.security.config.annotation.configuration.ObjectPostProcessorConfiguration' of type [org.springframework.security.config.annotation.configuration.ObjectPostProcessorConfiguration] is not eligible for getting processed by all BeanPostProcessors (for example: not eligible for auto-proxying)
2020-04-28 20:01:14,025 4815877 [restartedMain] INFO  o.s.c.s.PostProcessorRegistrationDelegate$BeanPostProcessorChecker - Bean 'objectPostProcessor' of type [org.springframework.security.config.annotation.configuration.AutowireBeanFactoryObjectPostProcessor] is not eligible for getting processed by all BeanPostProcessors (for example: not eligible for auto-proxying)
2020-04-28 20:01:14,027 4815879 [restartedMain] INFO  o.s.c.s.PostProcessorRegistrationDelegate$BeanPostProcessorChecker - Bean 'org.springframework.security.access.expression.method.DefaultMethodSecurityExpressionHandler@4e55973f' of type [org.springframework.security.oauth2.provider.expression.OAuth2MethodSecurityExpressionHandler] is not eligible for getting processed by all BeanPostProcessors (for example: not eligible for auto-proxying)
2020-04-28 20:01:14,033 4815885 [restartedMain] INFO  o.s.c.s.PostProcessorRegistrationDelegate$BeanPostProcessorChecker - Bean 'methodSecurityConfig' of type [br.com.una.easygame.config.MethodSecurityConfig$$EnhancerBySpringCGLIB$$b33475a8] is not eligible for getting processed by all BeanPostProcessors (for example: not eligible for auto-proxying)
2020-04-28 20:01:14,036 4815888 [restartedMain] INFO  o.s.c.s.PostProcessorRegistrationDelegate$BeanPostProcessorChecker - Bean 'methodSecurityMetadataSource' of type [org.springframework.security.access.method.DelegatingMethodSecurityMetadataSource] is not eligible for getting processed by all BeanPostProcessors (for example: not eligible for auto-proxying)
2020-04-28 20:01:14,250 4816102 [restartedMain] INFO  o.s.b.w.e.tomcat.TomcatWebServer - Tomcat initialized with port(s): 1002 (http)
2020-04-28 20:01:14,251 4816103 [restartedMain] INFO  o.a.coyote.http11.Http11NioProtocol - Initializing ProtocolHandler ["http-nio-1002"]
2020-04-28 20:01:14,252 4816104 [restartedMain] INFO  o.a.catalina.core.StandardService - Starting service [Tomcat]
2020-04-28 20:01:14,252 4816104 [restartedMain] INFO  o.a.catalina.core.StandardEngine - Starting Servlet engine: [Apache Tomcat/9.0.33]
2020-04-28 20:01:14,345 4816197 [restartedMain] INFO  o.a.c.c.C.[Tomcat].[localhost].[/] - Initializing Spring embedded WebApplicationContext
2020-04-28 20:01:14,345 4816197 [restartedMain] INFO  o.s.web.context.ContextLoader - Root WebApplicationContext: initialization completed in 2505 ms
2020-04-28 20:01:14,523 4816375 [restartedMain] INFO  com.zaxxer.hikari.HikariDataSource - HikariPool-2 - Starting...
2020-04-28 20:01:14,526 4816378 [restartedMain] INFO  com.zaxxer.hikari.HikariDataSource - HikariPool-2 - Start completed.
2020-04-28 20:01:14,527 4816379 [restartedMain] INFO  o.s.b.a.h.H2ConsoleAutoConfiguration - H2 console available at '/h2-console'. Database available at 'jdbc:h2:mem:core'
2020-04-28 20:01:14,865 4816717 [restartedMain] INFO  o.h.jpa.internal.util.LogHelper - HHH000204: Processing PersistenceUnitInfo [name: default]
2020-04-28 20:01:14,881 4816733 [restartedMain] INFO  org.hibernate.dialect.Dialect - HHH000400: Using dialect: org.hibernate.dialect.H2Dialect
2020-04-28 20:01:14,916 4816768 [restartedMain] INFO  o.h.e.t.j.p.i.JtaPlatformInitiator - HHH000490: Using JtaPlatform implementation: [org.hibernate.engine.transaction.jta.platform.internal.NoJtaPlatform]
2020-04-28 20:01:14,917 4816769 [restartedMain] INFO  o.s.o.j.LocalContainerEntityManagerFactoryBean - Initialized JPA EntityManagerFactory for persistence unit 'default'
2020-04-28 20:01:14,971 4816823 [restartedMain] INFO  o.s.b.d.a.OptionalLiveReloadServer - LiveReload server is running on port 35729
2020-04-28 20:01:17,049 4818901 [restartedMain] ERROR b.c.u.e.c.OAuth2JwtAccessTokenConverter - error in tryCreateSignatureVerifier: I/O error on GET request for "http://localhost:1002/oauth/token_key": Connection refused: connect; nested exception is java.net.ConnectException: Connection refused: connect
2020-04-28 20:01:17,052 4818904 [restartedMain] WARN  o.s.s.o.p.t.s.JwtAccessTokenConverter - Unable to create an RSA verifier from verifierKey (ignoreable if using MAC)
2020-04-28 20:01:17,133 4818985 [restartedMain] WARN  o.s.b.a.o.j.JpaBaseConfiguration$JpaWebConfiguration - spring.jpa.open-in-view is enabled by default. Therefore, database queries may be performed during view rendering. Explicitly configure spring.jpa.open-in-view to disable this warning
2020-04-28 20:01:17,189 4819041 [restartedMain] WARN  o.s.c.n.a.ArchaiusAutoConfiguration - No spring.application.name found, defaulting to 'application'
2020-04-28 20:01:17,191 4819043 [restartedMain] WARN  c.n.c.s.URLConfigurationSource - No URLs will be polled as dynamic configuration sources.
2020-04-28 20:01:17,192 4819044 [restartedMain] INFO  c.n.c.s.URLConfigurationSource - To enable URLs as dynamic configuration sources, define System property archaius.configurationSource.additionalUrls or make config.properties available on classpath.
2020-04-28 20:01:17,421 4819273 [restartedMain] INFO  o.s.s.c.ThreadPoolTaskExecutor - Initializing ExecutorService 'applicationTaskExecutor'
2020-04-28 20:01:17,767 4819619 [restartedMain] INFO  o.s.b.a.s.s.UserDetailsServiceAutoConfiguration - 

Using generated security password: 0937cafa-cf49-4c9e-89bb-b71b92dddd08

2020-04-28 20:01:17,846 4819698 [restartedMain] INFO  o.s.s.w.DefaultSecurityFilterChain - Creating filter chain: any request, [org.springframework.security.web.context.request.async.WebAsyncManagerIntegrationFilter@331bee08, org.springframework.security.web.context.SecurityContextPersistenceFilter@4e7e5087, org.springframework.security.web.header.HeaderWriterFilter@7370a9ca, org.springframework.security.web.authentication.logout.LogoutFilter@41ac7e95, br.com.una.easygame.web.filter.RefreshTokenFilter@26ed0575, org.springframework.security.oauth2.provider.authentication.OAuth2AuthenticationProcessingFilter@7e47eac8, org.springframework.security.web.savedrequest.RequestCacheAwareFilter@33b2deb9, org.springframework.security.web.servletapi.SecurityContextHolderAwareRequestFilter@457a0ffc, org.springframework.security.web.authentication.AnonymousAuthenticationFilter@2fa70a65, org.springframework.security.web.session.SessionManagementFilter@50f9b2cc, org.springframework.security.web.access.ExceptionTranslationFilter@41479ed7, org.springframework.security.web.access.intercept.FilterSecurityInterceptor@12437015]
2020-04-28 20:01:20,097 4821949 [restartedMain] INFO  o.s.b.a.e.web.EndpointLinksResolver - Exposing 2 endpoint(s) beneath base path '/actuator'
2020-04-28 20:01:20,245 4822097 [restartedMain] INFO  o.a.coyote.http11.Http11NioProtocol - Starting ProtocolHandler ["http-nio-1002"]
2020-04-28 20:01:20,252 4822104 [restartedMain] INFO  o.s.b.w.e.tomcat.TomcatWebServer - Tomcat started on port(s): 1002 (http) with context path ''
2020-04-28 20:01:21,320 4823172 [restartedMain] INFO  b.c.u.easygame.EasygameApplication - Started EasygameApplication in 12.143 seconds (JVM running for 4824.629)
2020-04-28 20:01:21,325 4823177 [restartedMain] INFO  o.s.b.d.a.ConditionEvaluationDeltaLoggingListener - Condition evaluation unchanged
2020-04-28 20:01:29,126 4830978 [http-nio-1002-exec-1] INFO  o.a.c.c.C.[Tomcat].[localhost].[/] - Initializing Spring DispatcherServlet 'dispatcherServlet'
2020-04-28 20:01:29,129 4830981 [http-nio-1002-exec-1] INFO  o.s.web.servlet.DispatcherServlet - Initializing Servlet 'dispatcherServlet'
2020-04-28 20:01:29,140 4830992 [http-nio-1002-exec-1] INFO  o.s.web.servlet.DispatcherServlet - Completed initialization in 11 ms
2020-04-28 20:02:55,605 4917457 [Thread-12] INFO  o.s.s.c.ThreadPoolTaskExecutor - Shutting down ExecutorService 'applicationTaskExecutor'
2020-04-28 20:02:55,607 4917459 [Thread-12] INFO  o.s.o.j.LocalContainerEntityManagerFactoryBean - Closing JPA EntityManagerFactory for persistence unit 'default'
2020-04-28 20:02:55,609 4917461 [Thread-12] INFO  o.h.t.s.i.SchemaDropperImpl$DelayedDropActionImpl - HHH000477: Starting delayed evictData of schema as part of SessionFactory shut-down'
2020-04-28 20:02:55,918 4917770 [Thread-12] WARN  o.s.b.f.s.DisposableBeanAdapter - Invocation of destroy method failed on bean with name 'inMemoryDatabaseShutdownExecutor': org.h2.jdbc.JdbcSQLNonTransientConnectionException: Database is already closed (to disable automatic closing at VM shutdown, add ";DB_CLOSE_ON_EXIT=FALSE" to the db URL) [90121-200]
2020-04-28 20:02:55,932 4917784 [Thread-12] INFO  com.zaxxer.hikari.HikariDataSource - HikariPool-2 - Shutdown initiated...
2020-04-28 20:02:55,967 4917819 [Thread-12] INFO  com.zaxxer.hikari.HikariDataSource - HikariPool-2 - Shutdown completed.
2020-04-28 20:02:57,391 4919243 [http-nio-1002-exec-1] ERROR b.c.u.e.c.OAuth2JwtAccessTokenConverter - error in tryCreateSignatureVerifier: I/O error on GET request for "http://localhost:1002/oauth/token_key": Connection reset; nested exception is java.net.SocketException: Connection reset
2020-04-28 20:02:57,393 4919245 [http-nio-1002-exec-1] ERROR b.c.u.e.c.OAuth2JwtAccessTokenConverter - cannot create signature verifier
2020-04-28 20:02:59,429 4921281 [http-nio-1002-exec-1] ERROR b.c.u.e.c.OAuth2JwtAccessTokenConverter - error in tryCreateSignatureVerifier: I/O error on GET request for "http://localhost:1002/oauth/token_key": Connection refused: connect; nested exception is java.net.ConnectException: Connection refused: connect
2020-04-28 20:02:59,431 4921283 [http-nio-1002-exec-1] WARN  o.s.s.o.p.t.s.JwtAccessTokenConverter - Unable to create an RSA verifier from verifierKey (ignoreable if using MAC)
2020-04-28 20:03:02,581 4924433 [restartedMain] INFO  b.c.u.easygame.EasygameApplication - No active profile set, falling back to default profiles: default
2020-04-28 20:03:03,676 4925528 [restartedMain] INFO  o.s.d.r.c.RepositoryConfigurationDelegate - Bootstrapping Spring Data JPA repositories in DEFAULT mode.
2020-04-28 20:03:03,705 4925557 [restartedMain] INFO  o.s.d.r.c.RepositoryConfigurationDelegate - Finished Spring Data repository scanning in 28ms. Found 0 JPA repository interfaces.
2020-04-28 20:03:03,898 4925750 [restartedMain] INFO  o.s.c.context.scope.GenericScope - BeanFactory id=4445cbfe-b5f0-3d46-83b4-d5ed340887dd
2020-04-28 20:03:04,070 4925922 [restartedMain] INFO  o.s.c.s.PostProcessorRegistrationDelegate$BeanPostProcessorChecker - Bean 'org.springframework.security.config.annotation.configuration.ObjectPostProcessorConfiguration' of type [org.springframework.security.config.annotation.configuration.ObjectPostProcessorConfiguration] is not eligible for getting processed by all BeanPostProcessors (for example: not eligible for auto-proxying)
2020-04-28 20:03:04,073 4925925 [restartedMain] INFO  o.s.c.s.PostProcessorRegistrationDelegate$BeanPostProcessorChecker - Bean 'objectPostProcessor' of type [org.springframework.security.config.annotation.configuration.AutowireBeanFactoryObjectPostProcessor] is not eligible for getting processed by all BeanPostProcessors (for example: not eligible for auto-proxying)
2020-04-28 20:03:04,075 4925927 [restartedMain] INFO  o.s.c.s.PostProcessorRegistrationDelegate$BeanPostProcessorChecker - Bean 'org.springframework.security.access.expression.method.DefaultMethodSecurityExpressionHandler@4bb5015c' of type [org.springframework.security.oauth2.provider.expression.OAuth2MethodSecurityExpressionHandler] is not eligible for getting processed by all BeanPostProcessors (for example: not eligible for auto-proxying)
2020-04-28 20:03:04,080 4925932 [restartedMain] INFO  o.s.c.s.PostProcessorRegistrationDelegate$BeanPostProcessorChecker - Bean 'methodSecurityConfig' of type [br.com.una.easygame.config.MethodSecurityConfig$$EnhancerBySpringCGLIB$$b33475a8] is not eligible for getting processed by all BeanPostProcessors (for example: not eligible for auto-proxying)
2020-04-28 20:03:04,082 4925934 [restartedMain] INFO  o.s.c.s.PostProcessorRegistrationDelegate$BeanPostProcessorChecker - Bean 'methodSecurityMetadataSource' of type [org.springframework.security.access.method.DelegatingMethodSecurityMetadataSource] is not eligible for getting processed by all BeanPostProcessors (for example: not eligible for auto-proxying)
2020-04-28 20:03:04,332 4926184 [restartedMain] INFO  o.s.b.w.e.tomcat.TomcatWebServer - Tomcat initialized with port(s): 1002 (http)
2020-04-28 20:03:04,335 4926187 [restartedMain] INFO  o.a.coyote.http11.Http11NioProtocol - Initializing ProtocolHandler ["http-nio-1002"]
2020-04-28 20:03:04,337 4926189 [restartedMain] INFO  o.a.catalina.core.StandardService - Starting service [Tomcat]
2020-04-28 20:03:04,337 4926189 [restartedMain] INFO  o.a.catalina.core.StandardEngine - Starting Servlet engine: [Apache Tomcat/9.0.33]
2020-04-28 20:03:04,447 4926299 [restartedMain] INFO  o.a.c.c.C.[Tomcat].[localhost].[/] - Initializing Spring embedded WebApplicationContext
2020-04-28 20:03:04,448 4926300 [restartedMain] INFO  o.s.web.context.ContextLoader - Root WebApplicationContext: initialization completed in 1859 ms
2020-04-28 20:03:04,657 4926509 [restartedMain] INFO  com.zaxxer.hikari.HikariDataSource - HikariPool-3 - Starting...
2020-04-28 20:03:04,661 4926513 [restartedMain] INFO  com.zaxxer.hikari.HikariDataSource - HikariPool-3 - Start completed.
2020-04-28 20:03:04,661 4926513 [restartedMain] INFO  o.s.b.a.h.H2ConsoleAutoConfiguration - H2 console available at '/h2-console'. Database available at 'jdbc:h2:mem:core'
2020-04-28 20:03:04,960 4926812 [restartedMain] INFO  o.h.jpa.internal.util.LogHelper - HHH000204: Processing PersistenceUnitInfo [name: default]
2020-04-28 20:03:04,985 4926837 [restartedMain] INFO  org.hibernate.dialect.Dialect - HHH000400: Using dialect: org.hibernate.dialect.H2Dialect
2020-04-28 20:03:05,024 4926876 [restartedMain] INFO  o.h.e.t.j.p.i.JtaPlatformInitiator - HHH000490: Using JtaPlatform implementation: [org.hibernate.engine.transaction.jta.platform.internal.NoJtaPlatform]
2020-04-28 20:03:05,024 4926876 [restartedMain] INFO  o.s.o.j.LocalContainerEntityManagerFactoryBean - Initialized JPA EntityManagerFactory for persistence unit 'default'
2020-04-28 20:03:05,079 4926931 [restartedMain] INFO  o.s.b.d.a.OptionalLiveReloadServer - LiveReload server is running on port 35729
2020-04-28 20:03:07,127 4928979 [restartedMain] ERROR b.c.u.e.c.OAuth2JwtAccessTokenConverter - error in tryCreateSignatureVerifier: I/O error on GET request for "http://localhost:1002/oauth/token_key": Connection refused: connect; nested exception is java.net.ConnectException: Connection refused: connect
2020-04-28 20:03:07,130 4928982 [restartedMain] WARN  o.s.s.o.p.t.s.JwtAccessTokenConverter - Unable to create an RSA verifier from verifierKey (ignoreable if using MAC)
2020-04-28 20:03:07,215 4929067 [restartedMain] WARN  o.s.b.a.o.j.JpaBaseConfiguration$JpaWebConfiguration - spring.jpa.open-in-view is enabled by default. Therefore, database queries may be performed during view rendering. Explicitly configure spring.jpa.open-in-view to disable this warning
2020-04-28 20:03:07,322 4929174 [restartedMain] WARN  o.s.c.n.a.ArchaiusAutoConfiguration - No spring.application.name found, defaulting to 'application'
2020-04-28 20:03:07,324 4929176 [restartedMain] WARN  c.n.c.s.URLConfigurationSource - No URLs will be polled as dynamic configuration sources.
2020-04-28 20:03:07,324 4929176 [restartedMain] INFO  c.n.c.s.URLConfigurationSource - To enable URLs as dynamic configuration sources, define System property archaius.configurationSource.additionalUrls or make config.properties available on classpath.
2020-04-28 20:03:07,608 4929460 [restartedMain] INFO  o.s.s.c.ThreadPoolTaskExecutor - Initializing ExecutorService 'applicationTaskExecutor'
2020-04-28 20:03:08,196 4930048 [restartedMain] INFO  o.s.b.a.s.s.UserDetailsServiceAutoConfiguration - 

Using generated security password: 69ba146e-72ba-47ea-8ce7-7f0049de0980

2020-04-28 20:03:08,272 4930124 [restartedMain] INFO  o.s.s.w.DefaultSecurityFilterChain - Creating filter chain: any request, [org.springframework.security.web.context.request.async.WebAsyncManagerIntegrationFilter@4d14d1b9, org.springframework.security.web.context.SecurityContextPersistenceFilter@1e52182d, org.springframework.security.web.header.HeaderWriterFilter@1848f3bd, org.springframework.security.web.authentication.logout.LogoutFilter@6062ed2c, br.com.una.easygame.web.filter.RefreshTokenFilter@11c272e6, org.springframework.security.oauth2.provider.authentication.OAuth2AuthenticationProcessingFilter@8eedb52, org.springframework.security.web.savedrequest.RequestCacheAwareFilter@7258448b, org.springframework.security.web.servletapi.SecurityContextHolderAwareRequestFilter@2dd29466, org.springframework.security.web.authentication.AnonymousAuthenticationFilter@60118e0f, org.springframework.security.web.session.SessionManagementFilter@378e8c1e, org.springframework.security.web.access.ExceptionTranslationFilter@2c6811d5, org.springframework.security.web.access.intercept.FilterSecurityInterceptor@6482b40d]
2020-04-28 20:03:10,748 4932600 [restartedMain] INFO  o.s.b.a.e.web.EndpointLinksResolver - Exposing 2 endpoint(s) beneath base path '/actuator'
2020-04-28 20:03:10,848 4932700 [restartedMain] INFO  o.a.coyote.http11.Http11NioProtocol - Starting ProtocolHandler ["http-nio-1002"]
2020-04-28 20:03:10,855 4932707 [restartedMain] INFO  o.s.b.w.e.tomcat.TomcatWebServer - Tomcat started on port(s): 1002 (http) with context path ''
2020-04-28 20:03:11,929 4933781 [restartedMain] INFO  b.c.u.easygame.EasygameApplication - Started EasygameApplication in 12.149 seconds (JVM running for 4935.239)
2020-04-28 20:03:11,934 4933786 [restartedMain] INFO  o.s.b.d.a.ConditionEvaluationDeltaLoggingListener - Condition evaluation unchanged
